#
# There is insufficient memory for the Java Runtime Environment to continue.
# Native memory allocation (mmap) failed to map 68681728 bytes for committing reserved memory.
# Possible reasons:
#   The system is out of physical RAM or swap space
#   In 32 bit mode, the process size limit was hit
# Possible solutions:
#   Reduce memory load on the system
#   Increase physical memory or swap space
#   Check if swap backing store is full
#   Use 64 bit Java on a 64 bit OS
#   Decrease Java heap size (-Xmx/-Xms)
#   Decrease number of Java threads
#   Decrease Java thread stack sizes (-Xss)
#   Set larger code cache with -XX:ReservedCodeCacheSize=
# This output file may be truncated or incomplete.
#
#  Out of Memory Error (os_linux.cpp:2627), pid=7821, tid=0x00007fc3876f6700
#
# JRE version: OpenJDK Runtime Environment (8.0_112-b06) (build 1.8.0_112-release-b06)
# Java VM: OpenJDK 64-Bit Server VM (25.112-b06 mixed mode linux-amd64 compressed oops)
# Failed to write core dump. Core dumps have been disabled. To enable core dumping, try "ulimit -c unlimited" before starting Java again
#

---------------  T H R E A D  ---------------

Current thread (0x00007fc3a0073000):  VMThread [stack: 0x00007fc3875f6000,0x00007fc3876f7000] [id=7827]

Stack: [0x00007fc3875f6000,0x00007fc3876f7000],  sp=0x00007fc3876f54c0,  free space=1021k
Native frames: (J=compiled Java code, j=interpreted, Vv=VM code, C=native code)
V  [libjvm.so+0x9e465d]  VMError::report_and_die()+0x15d
V  [libjvm.so+0x4b6ada]  report_vm_out_of_memory(char const*, int, unsigned long, VMErrorType, char const*)+0x8a
V  [libjvm.so+0x84c860]  os::pd_commit_memory(char*, unsigned long, unsigned long, bool)+0xf0
V  [libjvm.so+0x84737f]  os::commit_memory(char*, unsigned long, unsigned long, bool)+0x1f
V  [libjvm.so+0x8bd3db]  PSVirtualSpace::expand_by(unsigned long)+0x5b
V  [libjvm.so+0x8be050]  PSYoungGen::resize_generation(unsigned long, unsigned long)+0xb0
V  [libjvm.so+0x8be36b]  PSYoungGen::resize(unsigned long, unsigned long)+0x1b
V  [libjvm.so+0x8baa5c]  PSScavenge::invoke_no_policy()+0xdac
V  [libjvm.so+0x8bb238]  PSScavenge::invoke()+0x38
V  [libjvm.so+0x86fcf3]  ParallelScavengeHeap::failed_mem_allocate(unsigned long)+0x63
V  [libjvm.so+0x9e6124]  VM_ParallelGCFailedAllocation::doit()+0x84
V  [libjvm.so+0x9ea537]  VM_Operation::evaluate()+0x47
V  [libjvm.so+0x9e8ff8]  VMThread::evaluate_operation(VM_Operation*)+0x2c8
V  [libjvm.so+0x9e9479]  VMThread::loop()+0x219
V  [libjvm.so+0x9e98c2]  VMThread::run()+0x72
V  [libjvm.so+0x849c82]  java_start(Thread*)+0xf2

VM_Operation (0x00007fc34c7bd1f0): ParallelGCFailedAllocation, mode: safepoint, requested by thread 0x00007fc3693c4000


---------------  P R O C E S S  ---------------

Java Threads: ( => current thread )
  0x00007fc35806d000 JavaThread "pool-11-thread-1" [_thread_blocked, id=8211, stack(0x00007fc34bf45000,0x00007fc34c046000)]
  0x00007fc369552800 JavaThread "pool-21-thread-4" [_thread_blocked, id=8210, stack(0x00007fc34c281000,0x00007fc34c382000)]
  0x00007fc369552000 JavaThread "pool-21-thread-3" [_thread_blocked, id=8209, stack(0x00007fc34c7f8000,0x00007fc34c8f9000)]
  0x00007fc3693c4000 JavaThread "pool-21-thread-2" [_thread_blocked, id=8208, stack(0x00007fc34c6be000,0x00007fc34c7bf000)]
  0x00007fc3693c3000 JavaThread "pool-22-thread-1" [_thread_blocked, id=8207, stack(0x00007fc34c382000,0x00007fc34c483000)]
  0x00007fc369a9b000 JavaThread "pool-21-thread-1" [_thread_blocked, id=8206, stack(0x00007fc34c8f9000,0x00007fc34c9fa000)]
  0x00007fc37c015800 JavaThread "pool-10-thread-4" [_thread_blocked, id=8205, stack(0x00007fc34c483000,0x00007fc34c584000)]
  0x00007fc37c015000 JavaThread "pool-10-thread-3" [_thread_blocked, id=8198, stack(0x00007fc34c5bd000,0x00007fc34c6be000)]
  0x00007fc37c008800 JavaThread "pool-10-thread-2" [_thread_blocked, id=8185, stack(0x00007fc34c046000,0x00007fc34c147000)]
  0x00007fc378005800 JavaThread "pool-10-thread-1" [_thread_blocked, id=8184, stack(0x00007fc34bc09000,0x00007fc34bd0a000)]
  0x00007fc380050800 JavaThread "process reaper" daemon [_thread_blocked, id=8169, stack(0x00007fc34c584000,0x00007fc34c5bd000)]
  0x00007fc36c4c0800 JavaThread "pool-6-thread-2" [_thread_blocked, id=8165, stack(0x00007fc34ccfd000,0x00007fc34cdfe000)]
  0x00007fc36cc9c000 JavaThread "pool-6-thread-1" [_thread_blocked, id=8164, stack(0x00007fc34cdfe000,0x00007fc34ceff000)]
  0x00007fc36c53c800 JavaThread "Cache update executor" [_thread_blocked, id=8163, stack(0x00007fc34d0ff000,0x00007fc34d200000)]
  0x00007fc36c33d800 JavaThread "Stdin handler" [_thread_blocked, id=8147, stack(0x00007fc38495c000,0x00007fc384a5d000)]
  0x00007fc36c33c800 JavaThread "Asynchronous log dispatcher for DefaultDaemonConnection: socket connection from /127.0.0.1:46766 to /127.0.0.1:48590" [_thread_blocked, id=8144, stack(0x00007fc384a5d000,0x00007fc384b5e000)]
  0x00007fc35c004000 JavaThread "Daemon worker Thread 2" [_thread_blocked, id=8143, stack(0x00007fc384d60000,0x00007fc384e61000)]
  0x00007fc35c005800 JavaThread "Cancel handler" [_thread_blocked, id=8142, stack(0x00007fc385061000,0x00007fc385162000)]
  0x00007fc35c00a000 JavaThread "Handler for socket connection from /127.0.0.1:46766 to /127.0.0.1:48590" [_thread_in_native, id=8141, stack(0x00007fc384c5f000,0x00007fc384d60000)]
  0x00007fc358038000 JavaThread "Daemon Thread 2" [_thread_blocked, id=8140, stack(0x00007fc385162000,0x00007fc385263000)]
  0x000000000235b800 JavaThread "File lock request listener" [_thread_in_native, id=7845, stack(0x00007fc3845e2000,0x00007fc3846e3000)]
  0x00007fc3a0cba800 JavaThread "pool-1-thread-1" [_thread_blocked, id=7840, stack(0x00007fc384b5e000,0x00007fc384c5f000)]
  0x00007fc3a0c5b800 JavaThread "Incoming local TCP Connector on port 46766" [_thread_in_native, id=7835, stack(0x00007fc38546a000,0x00007fc38556b000)]
  0x00007fc3a00b9800 JavaThread "Service Thread" daemon [_thread_blocked, id=7833, stack(0x00007fc386d18000,0x00007fc386e19000)]
  0x00007fc3a00b7000 JavaThread "C1 CompilerThread1" daemon [_thread_blocked, id=7832, stack(0x00007fc386e19000,0x00007fc386f1a000)]
  0x00007fc3a00b4000 JavaThread "C2 CompilerThread0" daemon [_thread_blocked, id=7831, stack(0x00007fc386f1a000,0x00007fc38701b000)]
  0x00007fc3a00b2800 JavaThread "Signal Dispatcher" daemon [_thread_blocked, id=7830, stack(0x00007fc38701b000,0x00007fc38711c000)]
  0x00007fc3a007f800 JavaThread "Finalizer" daemon [_thread_blocked, id=7829, stack(0x00007fc3873f4000,0x00007fc3874f5000)]
  0x00007fc3a007b000 JavaThread "Reference Handler" daemon [_thread_blocked, id=7828, stack(0x00007fc3874f5000,0x00007fc3875f6000)]
  0x00007fc3a000a000 JavaThread "main" [_thread_blocked, id=7824, stack(0x00007fc3a6667000,0x00007fc3a6768000)]

Other Threads:
=>0x00007fc3a0073000 VMThread [stack: 0x00007fc3875f6000,0x00007fc3876f7000] [id=7827]
  0x00007fc3a00bc000 WatcherThread [stack: 0x00007fc386c17000,0x00007fc386d18000] [id=7834]

VM state:at safepoint (normal execution)

VM Mutex/Monitor currently owned by a thread:  ([mutex/lock_event])
[0x00007fc3a0006250] Threads_lock - owner thread: 0x00007fc3a0073000
[0x00007fc3a0006750] Heap_lock - owner thread: 0x00007fc3693c4000

Heap:
 PSYoungGen      total 300544K, used 18325K [0x00000000e0000000, 0x00000000f4500000, 0x0000000100000000)
  eden space 271872K, 0% used [0x00000000e0000000,0x00000000e0000000,0x00000000f0980000)
  from space 28672K, 63% used [0x00000000f0980000,0x00000000f1b65680,0x00000000f2580000)
  to   space 24576K, 0% used [0x00000000f2580000,0x00000000f2580000,0x00000000f3d80000)
 ParOldGen       total 73728K, used 73150K [0x00000000a0000000, 0x00000000a4800000, 0x00000000e0000000)
  object space 73728K, 99% used [0x00000000a0000000,0x00000000a476fa40,0x00000000a4800000)
 Metaspace       used 76560K, capacity 79554K, committed 79872K, reserved 1118208K
  class space    used 9802K, capacity 10408K, committed 10496K, reserved 1048576K

Card table byte_map: [0x00007fc3900ec000,0x00007fc3903ed000] byte_map_base: 0x00007fc38fbec000

Marking Bits: (ParMarkBitMap*) 0x00007fc3a5b3a340
 Begin Bits: [0x00007fc38cdeb000, 0x00007fc38e5eb000)
 End Bits:   [0x00007fc38e5eb000, 0x00007fc38fdeb000)

Polling page: 0x00007fc3a678d000

CodeCache: size=245760Kb used=38525Kb max_used=38536Kb free=207234Kb
 bounds [0x00007fc3907ad000, 0x00007fc392d8d000, 0x00007fc39f7ad000]
 total_blobs=13425 nmethods=12603 adapters=735
 compilation: enabled

Compilation events (10 events):
Event: 261.799 Thread 0x00007fc3a00b7000 nmethod 15888 0x00007fc392d6c810 code [0x00007fc392d6c980, 0x00007fc392d6cb30]
Event: 261.800 Thread 0x00007fc3a00b7000 15899   !   2       com.android.dx.cf.cst.ConstantPoolParser::parse0 (731 bytes)
Event: 261.808 Thread 0x00007fc3a00b4000 nmethod 15850 0x00007fc392d6b890 code [0x00007fc392d6ba40, 0x00007fc392d6c158]
Event: 261.808 Thread 0x00007fc3a00b4000 15840 % !   4       com.android.dx.cf.code.Simulator::simulate @ 19 (74 bytes)
Event: 261.811 Thread 0x00007fc3a00b7000 nmethod 15899 0x00007fc392d79a10 code [0x00007fc392d7a020, 0x00007fc392d7c2c8]
Event: 261.811 Thread 0x00007fc3a00b7000 15884       2       com.android.dx.cf.code.Ropper::addSetupBlocks (535 bytes)
Event: 261.812 Thread 0x00007fc3a00b4000 nmethod 15840% 0x00007fc392d79490 code [0x00007fc392d79600, 0x00007fc392d797f8]
Event: 261.812 Thread 0x00007fc3a00b4000 15881       4       com.android.dx.cf.code.ByteBlock::<init> (181 bytes)
Event: 261.818 Thread 0x00007fc3a00b4000 nmethod 15881 0x00007fc392d78e50 code [0x00007fc392d78fc0, 0x00007fc392d79278]
Event: 261.819 Thread 0x00007fc3a00b4000 15910       4       com.android.dx.ssa.SCCP::addUsersToWorklist (103 bytes)

GC Heap History (10 events):
Event: 30.231 GC heap after
Heap after GC invocations=17 (full 3):
 PSYoungGen      total 190976K, used 5703K [0x00000000e0000000, 0x00000000ed200000, 0x0000000100000000)
  eden space 175104K, 0% used [0x00000000e0000000,0x00000000e0000000,0x00000000eab00000)
  from space 15872K, 35% used [0x00000000ebc00000,0x00000000ec191ee0,0x00000000ecb80000)
  to   space 17408K, 0% used [0x00000000eab00000,0x00000000eab00000,0x00000000ebc00000)
 ParOldGen       total 73728K, used 39565K [0x00000000a0000000, 0x00000000a4800000, 0x00000000e0000000)
  object space 73728K, 53% used [0x00000000a0000000,0x00000000a26a3438,0x00000000a4800000)
 Metaspace       used 57144K, capacity 59104K, committed 59160K, reserved 1099776K
  class space    used 7786K, capacity 8276K, committed 8320K, reserved 1048576K
}
Event: 41.053 GC heap before
{Heap before GC invocations=18 (full 3):
 PSYoungGen      total 190976K, used 180807K [0x00000000e0000000, 0x00000000ed200000, 0x0000000100000000)
  eden space 175104K, 100% used [0x00000000e0000000,0x00000000eab00000,0x00000000eab00000)
  from space 15872K, 35% used [0x00000000ebc00000,0x00000000ec191ee0,0x00000000ecb80000)
  to   space 17408K, 0% used [0x00000000eab00000,0x00000000eab00000,0x00000000ebc00000)
 ParOldGen       total 73728K, used 39565K [0x00000000a0000000, 0x00000000a4800000, 0x00000000e0000000)
  object space 73728K, 53% used [0x00000000a0000000,0x00000000a26a3438,0x00000000a4800000)
 Metaspace       used 63229K, capacity 65666K, committed 65792K, reserved 1105920K
  class space    used 8411K, capacity 8952K, committed 8960K, reserved 1048576K
Event: 41.236 GC heap after
Heap after GC invocations=18 (full 3):
 PSYoungGen      total 192512K, used 17395K [0x00000000e0000000, 0x00000000f1480000, 0x0000000100000000)
  eden space 175104K, 0% used [0x00000000e0000000,0x00000000e0000000,0x00000000eab00000)
  from space 17408K, 99% used [0x00000000eab00000,0x00000000ebbfcf80,0x00000000ebc00000)
  to   space 23040K, 0% used [0x00000000efe00000,0x00000000efe00000,0x00000000f1480000)
 ParOldGen       total 73728K, used 47474K [0x00000000a0000000, 0x00000000a4800000, 0x00000000e0000000)
  object space 73728K, 64% used [0x00000000a0000000,0x00000000a2e5cab8,0x00000000a4800000)
 Metaspace       used 63229K, capacity 65666K, committed 65792K, reserved 1105920K
  class space    used 8411K, capacity 8952K, committed 8960K, reserved 1048576K
}
Event: 48.158 GC heap before
{Heap before GC invocations=19 (full 3):
 PSYoungGen      total 192512K, used 192499K [0x00000000e0000000, 0x00000000f1480000, 0x0000000100000000)
  eden space 175104K, 100% used [0x00000000e0000000,0x00000000eab00000,0x00000000eab00000)
  from space 17408K, 99% used [0x00000000eab00000,0x00000000ebbfcf80,0x00000000ebc00000)
  to   space 23040K, 0% used [0x00000000efe00000,0x00000000efe00000,0x00000000f1480000)
 ParOldGen       total 73728K, used 47474K [0x00000000a0000000, 0x00000000a4800000, 0x00000000e0000000)
  object space 73728K, 64% used [0x00000000a0000000,0x00000000a2e5cab8,0x00000000a4800000)
 Metaspace       used 64952K, capacity 67446K, committed 67584K, reserved 1107968K
  class space    used 8593K, capacity 9130K, committed 9216K, reserved 1048576K
Event: 48.230 GC heap after
Heap after GC invocations=19 (full 3):
 PSYoungGen      total 247808K, used 5289K [0x00000000e0000000, 0x00000000f0d80000, 0x0000000100000000)
  eden space 231936K, 0% used [0x00000000e0000000,0x00000000e0000000,0x00000000ee280000)
  from space 15872K, 33% used [0x00000000efe00000,0x00000000f032a720,0x00000000f0d80000)
  to   space 22016K, 0% used [0x00000000ee280000,0x00000000ee280000,0x00000000ef800000)
 ParOldGen       total 73728K, used 55014K [0x00000000a0000000, 0x00000000a4800000, 0x00000000e0000000)
  object space 73728K, 74% used [0x00000000a0000000,0x00000000a35b9a48,0x00000000a4800000)
 Metaspace       used 64952K, capacity 67446K, committed 67584K, reserved 1107968K
  class space    used 8593K, capacity 9130K, committed 9216K, reserved 1048576K
}
Event: 251.711 GC heap before
{Heap before GC invocations=20 (full 3):
 PSYoungGen      total 247808K, used 237225K [0x00000000e0000000, 0x00000000f0d80000, 0x0000000100000000)
  eden space 231936K, 100% used [0x00000000e0000000,0x00000000ee280000,0x00000000ee280000)
  from space 15872K, 33% used [0x00000000efe00000,0x00000000f032a720,0x00000000f0d80000)
  to   space 22016K, 0% used [0x00000000ee280000,0x00000000ee280000,0x00000000ef800000)
 ParOldGen       total 73728K, used 55014K [0x00000000a0000000, 0x00000000a4800000, 0x00000000e0000000)
  object space 73728K, 74% used [0x00000000a0000000,0x00000000a35b9a48,0x00000000a4800000)
 Metaspace       used 70272K, capacity 73052K, committed 73344K, reserved 1112064K
  class space    used 9225K, capacity 9801K, committed 9856K, reserved 1048576K
Event: 251.814 GC heap after
Heap after GC invocations=20 (full 3):
 PSYoungGen      total 253952K, used 18507K [0x00000000e0000000, 0x00000000f3d80000, 0x0000000100000000)
  eden space 231936K, 0% used [0x00000000e0000000,0x00000000e0000000,0x00000000ee280000)
  from space 22016K, 84% used [0x00000000ee280000,0x00000000ef492ef0,0x00000000ef800000)
  to   space 24576K, 0% used [0x00000000f2580000,0x00000000f2580000,0x00000000f3d80000)
 ParOldGen       total 73728K, used 55734K [0x00000000a0000000, 0x00000000a4800000, 0x00000000e0000000)
  object space 73728K, 75% used [0x00000000a0000000,0x00000000a366da78,0x00000000a4800000)
 Metaspace       used 70272K, capacity 73052K, committed 73344K, reserved 1112064K
  class space    used 9225K, capacity 9801K, committed 9856K, reserved 1048576K
}
Event: 257.705 GC heap before
{Heap before GC invocations=21 (full 3):
 PSYoungGen      total 253952K, used 250443K [0x00000000e0000000, 0x00000000f3d80000, 0x0000000100000000)
  eden space 231936K, 100% used [0x00000000e0000000,0x00000000ee280000,0x00000000ee280000)
  from space 22016K, 84% used [0x00000000ee280000,0x00000000ef492ef0,0x00000000ef800000)
  to   space 24576K, 0% used [0x00000000f2580000,0x00000000f2580000,0x00000000f3d80000)
 ParOldGen       total 73728K, used 55734K [0x00000000a0000000, 0x00000000a4800000, 0x00000000e0000000)
  object space 73728K, 75% used [0x00000000a0000000,0x00000000a366da78,0x00000000a4800000)
 Metaspace       used 75954K, capacity 78944K, committed 79104K, reserved 1118208K
  class space    used 9779K, capacity 10375K, committed 10496K, reserved 1048576K
Event: 257.826 GC heap after
Heap after GC invocations=21 (full 3):
 PSYoungGen      total 296448K, used 24575K [0x00000000e0000000, 0x00000000f4500000, 0x0000000100000000)
  eden space 271872K, 0% used [0x00000000e0000000,0x00000000e0000000,0x00000000f0980000)
  from space 24576K, 99% used [0x00000000f2580000,0x00000000f3d7fd20,0x00000000f3d80000)
  to   space 28672K, 0% used [0x00000000f0980000,0x00000000f0980000,0x00000000f2580000)
 ParOldGen       total 73728K, used 56566K [0x00000000a0000000, 0x00000000a4800000, 0x00000000e0000000)
  object space 73728K, 76% used [0x00000000a0000000,0x00000000a373d860,0x00000000a4800000)
 Metaspace       used 75954K, capacity 78944K, committed 79104K, reserved 1118208K
  class space    used 9779K, capacity 10375K, committed 10496K, reserved 1048576K
}
Event: 261.856 GC heap before
{Heap before GC invocations=22 (full 3):
 PSYoungGen      total 296448K, used 296447K [0x00000000e0000000, 0x00000000f4500000, 0x0000000100000000)
  eden space 271872K, 100% used [0x00000000e0000000,0x00000000f0980000,0x00000000f0980000)
  from space 24576K, 99% used [0x00000000f2580000,0x00000000f3d7fd20,0x00000000f3d80000)
  to   space 28672K, 0% used [0x00000000f0980000,0x00000000f0980000,0x00000000f2580000)
 ParOldGen       total 73728K, used 56566K [0x00000000a0000000, 0x00000000a4800000, 0x00000000e0000000)
  object space 73728K, 76% used [0x00000000a0000000,0x00000000a373d860,0x00000000a4800000)
 Metaspace       used 76560K, capacity 79554K, committed 79872K, reserved 1118208K
  class space    used 9802K, capacity 10408K, committed 10496K, reserved 1048576K

Deoptimization events (10 events):
Event: 257.412 Thread 0x00007fc364010000 Uncommon trap: reason=unstable_if action=reinterpret pc=0x00007fc392b0308c method=java.util.BitSet.ensureCapacity(I)V @ 6
Event: 257.610 Thread 0x00007fc378005800 Uncommon trap: reason=unstable_if action=reinterpret pc=0x00007fc390b8f438 method=java.util.BitSet.ensureCapacity(I)V @ 6
Event: 258.002 Thread 0x00007fc364009800 Uncommon trap: reason=class_check action=maybe_recompile pc=0x00007fc3926932f4 method=com.android.dx.ssa.back.LivenessAnalyzer.liveOutAtStatement()V @ 14
Event: 258.004 Thread 0x00007fc364009800 Uncommon trap: reason=class_check action=maybe_recompile pc=0x00007fc3926932f4 method=com.android.dx.ssa.back.LivenessAnalyzer.liveOutAtStatement()V @ 14
Event: 258.020 Thread 0x00007fc36400f800 Uncommon trap: reason=class_check action=maybe_recompile pc=0x00007fc3926932f4 method=com.android.dx.ssa.back.LivenessAnalyzer.liveOutAtStatement()V @ 14
Event: 258.021 Thread 0x00007fc36400f800 Uncommon trap: reason=class_check action=maybe_recompile pc=0x00007fc3926932f4 method=com.android.dx.ssa.back.LivenessAnalyzer.liveOutAtStatement()V @ 14
Event: 258.056 Thread 0x00007fc358065800 Uncommon trap: reason=unstable_if action=reinterpret pc=0x00007fc39149b684 method=com.android.dx.ssa.SsaRenamer$BlockRenamer.addMapping(ILcom/android/dx/rop/code/RegisterSpec;)V @ 120
Event: 258.224 Thread 0x00007fc36400f800 Uncommon trap: reason=unstable_if action=reinterpret pc=0x00007fc392b09be8 method=com.android.dx.ssa.SCCP.simulateBranch(Lcom/android/dx/ssa/SsaInsn;)V @ 81
Event: 260.961 Thread 0x00007fc358065800 Uncommon trap: reason=unstable_if action=reinterpret pc=0x00007fc392c8bde0 method=com.android.dx.util.IntList.indexOf(I)I @ 7
Event: 261.784 Thread 0x00007fc37c015800 Uncommon trap: reason=unloaded action=reinterpret pc=0x00007fc39233ad48 method=com.android.dx.cf.cst.ConstantPoolParser.parse0(ILjava/util/BitSet;)Lcom/android/dx/rop/cst/Constant; @ 220

Internal exceptions (10 events):
Event: 246.257 Thread 0x00007fc35c004000 Exception <a 'java/lang/ClassNotFoundException': com/android/build/gradle/tasks/fd/GenerateInstantRunAppInfoTaskCustomizer> (0x00000000e4f7cf70) thrown at [/ssd/Android/AOSP-openjdk/external/jetbrains/jdk/hotspot/src/share/vm/classfile/systemDictionary.cp
Event: 246.258 Thread 0x00007fc35c004000 Exception <a 'java/lang/ClassNotFoundException': com/android/build/gradle/tasks/fd/GenerateInstantRunAppInfoTask_DecoratedCustomizer> (0x00000000e4fa9758) thrown at [/ssd/Android/AOSP-openjdk/external/jetbrains/jdk/hotspot/src/share/vm/classfile/systemDic
Event: 248.090 Thread 0x00007fc35c004000 Implicit null exception at 0x00007fc39137e79b to 0x00007fc3913808b1
Event: 248.090 Thread 0x00007fc35c004000 Implicit null exception at 0x00007fc391efe8a0 to 0x00007fc391efea89
Event: 248.091 Thread 0x00007fc35c004000 Implicit null exception at 0x00007fc39105a3bd to 0x00007fc39105a55d
Event: 248.110 Thread 0x00007fc35c004000 Implicit null exception at 0x00007fc391f078f3 to 0x00007fc391f07981
Event: 251.814 Thread 0x00007fc35c004000 Implicit null exception at 0x00007fc392443604 to 0x00007fc392443cf9
Event: 254.172 Thread 0x00007fc35c004000 Implicit null exception at 0x00007fc3911d8af6 to 0x00007fc3911d8d3d
Event: 254.411 Thread 0x00007fc36c53c800 Exception <a 'java/lang/NoSuchMethodError': <clinit>> (0x00000000e3e8d318) thrown at [/ssd/Android/AOSP-openjdk/external/jetbrains/jdk/hotspot/src/share/vm/prims/jni.cpp, line 1613]
Event: 254.803 Thread 0x00007fc35c004000 Exception <a 'java/lang/NoSuchMethodError': java.lang.Object.lambda$asRunnable$0(Lcom/android/apkzlib/utils/IOExceptionRunnable;)V> (0x00000000e52a3df8) thrown at [/ssd/Android/AOSP-openjdk/external/jetbrains/jdk/hotspot/src/share/vm/interpreter/linkResol

Events (10 events):
Event: 261.763 Thread 0x00007fc369552800 DEOPT UNPACKING pc=0x00007fc3907f4373 sp=0x00007fc34c37fee0 mode 0
Event: 261.781 Thread 0x00007fc369552000 DEOPT PACKING pc=0x00007fc3924f61a5 sp=0x00007fc34c8f6f70
Event: 261.781 Thread 0x00007fc369552000 DEOPT UNPACKING pc=0x00007fc3907f4373 sp=0x00007fc34c8f6cf8 mode 0
Event: 261.783 Thread 0x00007fc35806b800 Thread exited: 0x00007fc35806b800
Event: 261.783 Thread 0x00007fc358064800 Thread exited: 0x00007fc358064800
Event: 261.784 Thread 0x00007fc37c015800 Uncommon trap: trap_request=0x000000d4 fr.pc=0x00007fc39233ad48
Event: 261.784 Thread 0x00007fc37c015800 DEOPT PACKING pc=0x00007fc39233ad48 sp=0x00007fc34c581720
Event: 261.784 Thread 0x00007fc37c015800 DEOPT UNPACKING pc=0x00007fc3907b1f69 sp=0x00007fc34c5816d8 mode 2
Event: 261.813 Thread 0x00007fc35806d000 Thread added: 0x00007fc35806d000
Event: 261.851 Executing VM operation: ParallelGCFailedAllocation


Dynamic libraries:
00400000-00401000 r-xp 00000000 08:01 947741                             /opt/android-studio/jre/bin/java
00600000-00601000 r--p 00000000 08:01 947741                             /opt/android-studio/jre/bin/java
00601000-00602000 rw-p 00001000 08:01 947741                             /opt/android-studio/jre/bin/java
02010000-0373f000 rw-p 00000000 00:00 0                                  [heap]
a0000000-a4800000 rw-p 00000000 00:00 0 
a4800000-e0000000 ---p 00000000 00:00 0 
e0000000-f4500000 rw-p 00000000 00:00 0 
f8680000-100000000 ---p 00000000 00:00 0 
100000000-100a40000 rw-p 00000000 00:00 0 
100a40000-140000000 ---p 00000000 00:00 0 
7fc34afb3000-7fc34b173000 rw-p 00000000 00:00 0 
7fc34b173000-7fc34b1b3000 ---p 00000000 00:00 0 
7fc34b1b3000-7fc34b3b3000 rw-p 00000000 00:00 0 
7fc34b3b3000-7fc34b5b3000 rw-p 00000000 00:00 0 
7fc34b609000-7fc34b809000 rw-p 00000000 00:00 0 
7fc34b809000-7fc34ba09000 rw-p 00000000 00:00 0 
7fc34ba09000-7fc34bc09000 rw-p 00000000 00:00 0 
7fc34bc09000-7fc34bc0c000 ---p 00000000 00:00 0 
7fc34bc0c000-7fc34bd0a000 rw-p 00000000 00:00 0 
7fc34bd0a000-7fc34bd0d000 ---p 00000000 00:00 0 
7fc34bd0d000-7fc34be0b000 rw-p 00000000 00:00 0 
7fc34be0b000-7fc34be0e000 ---p 00000000 00:00 0 
7fc34be0e000-7fc34bf0c000 rw-p 00000000 00:00 0 
7fc34bf0c000-7fc34bf0f000 ---p 00000000 00:00 0 
7fc34bf0f000-7fc34bf45000 rw-p 00000000 00:00 0 
7fc34bf45000-7fc34bf48000 ---p 00000000 00:00 0 
7fc34bf48000-7fc34c046000 rw-p 00000000 00:00 0 
7fc34c046000-7fc34c049000 ---p 00000000 00:00 0 
7fc34c049000-7fc34c147000 rw-p 00000000 00:00 0 
7fc34c147000-7fc34c14a000 ---p 00000000 00:00 0 
7fc34c14a000-7fc34c180000 rw-p 00000000 00:00 0 
7fc34c180000-7fc34c183000 ---p 00000000 00:00 0 
7fc34c183000-7fc34c281000 rw-p 00000000 00:00 0 
7fc34c281000-7fc34c284000 ---p 00000000 00:00 0 
7fc34c284000-7fc34c382000 rw-p 00000000 00:00 0 
7fc34c382000-7fc34c385000 ---p 00000000 00:00 0 
7fc34c385000-7fc34c483000 rw-p 00000000 00:00 0 
7fc34c483000-7fc34c486000 ---p 00000000 00:00 0 
7fc34c486000-7fc34c584000 rw-p 00000000 00:00 0 
7fc34c584000-7fc34c587000 ---p 00000000 00:00 0 
7fc34c587000-7fc34c5bd000 rw-p 00000000 00:00 0 
7fc34c5bd000-7fc34c5c0000 ---p 00000000 00:00 0 
7fc34c5c0000-7fc34c6be000 rw-p 00000000 00:00 0 
7fc34c6be000-7fc34c6c1000 ---p 00000000 00:00 0 
7fc34c6c1000-7fc34c7bf000 rw-p 00000000 00:00 0 
7fc34c7bf000-7fc34c7c2000 ---p 00000000 00:00 0 
7fc34c7c2000-7fc34c7f8000 rw-p 00000000 00:00 0 
7fc34c7f8000-7fc34c7fb000 ---p 00000000 00:00 0 
7fc34c7fb000-7fc34c8f9000 rw-p 00000000 00:00 0 
7fc34c8f9000-7fc34c8fc000 ---p 00000000 00:00 0 
7fc34c8fc000-7fc34c9fa000 rw-p 00000000 00:00 0 
7fc34c9fa000-7fc34c9fd000 ---p 00000000 00:00 0 
7fc34c9fd000-7fc34cafb000 rw-p 00000000 00:00 0 
7fc34cafb000-7fc34cafe000 ---p 00000000 00:00 0 
7fc34cafe000-7fc34cbfc000 rw-p 00000000 00:00 0 
7fc34cbfc000-7fc34cbff000 ---p 00000000 00:00 0 
7fc34cbff000-7fc34ccfd000 rw-p 00000000 00:00 0 
7fc34ccfd000-7fc34cd00000 ---p 00000000 00:00 0 
7fc34cd00000-7fc34cdfe000 rw-p 00000000 00:00 0 
7fc34cdfe000-7fc34ce01000 ---p 00000000 00:00 0 
7fc34ce01000-7fc34d0ff000 rw-p 00000000 00:00 0 
7fc34d0ff000-7fc34d102000 ---p 00000000 00:00 0 
7fc34d102000-7fc34d400000 rw-p 00000000 00:00 0 
7fc34d400000-7fc34d600000 rw-p 00000000 00:00 0 
7fc34d600000-7fc34d800000 rw-p 00000000 00:00 0 
7fc34d800000-7fc34da00000 rw-p 00000000 00:00 0 
7fc34da00000-7fc34dc00000 rw-p 00000000 00:00 0 
7fc34dc00000-7fc34dc17000 r-xp 00000000 08:01 918807                     /lib/x86_64-linux-gnu/libresolv-2.23.so
7fc34dc17000-7fc34de17000 ---p 00017000 08:01 918807                     /lib/x86_64-linux-gnu/libresolv-2.23.so
7fc34de17000-7fc34de18000 r--p 00017000 08:01 918807                     /lib/x86_64-linux-gnu/libresolv-2.23.so
7fc34de18000-7fc34de19000 rw-p 00018000 08:01 918807                     /lib/x86_64-linux-gnu/libresolv-2.23.so
7fc34de19000-7fc34de1b000 rw-p 00000000 00:00 0 
7fc34de1b000-7fc34de20000 r-xp 00000000 08:01 918781                     /lib/x86_64-linux-gnu/libnss_dns-2.23.so
7fc34de20000-7fc34e020000 ---p 00005000 08:01 918781                     /lib/x86_64-linux-gnu/libnss_dns-2.23.so
7fc34e020000-7fc34e021000 r--p 00005000 08:01 918781                     /lib/x86_64-linux-gnu/libnss_dns-2.23.so
7fc34e021000-7fc34e022000 rw-p 00006000 08:01 918781                     /lib/x86_64-linux-gnu/libnss_dns-2.23.so
7fc34e022000-7fc34e024000 r-xp 00000000 08:01 923349                     /lib/x86_64-linux-gnu/libnss_mdns4_minimal.so.2
7fc34e024000-7fc34e223000 ---p 00002000 08:01 923349                     /lib/x86_64-linux-gnu/libnss_mdns4_minimal.so.2
7fc34e223000-7fc34e224000 r--p 00001000 08:01 923349                     /lib/x86_64-linux-gnu/libnss_mdns4_minimal.so.2
7fc34e224000-7fc34e225000 rw-p 00002000 08:01 923349                     /lib/x86_64-linux-gnu/libnss_mdns4_minimal.so.2
7fc34e242000-7fc34e247000 r--s 0003b000 08:01 947787                     /opt/android-studio/jre/jre/lib/ext/sunjce_provider.jar
7fc34e247000-7fc34e447000 rw-p 00000000 00:00 0 
7fc34e447000-7fc34e47d000 r-xp 00000000 08:01 947824                     /opt/android-studio/jre/jre/lib/amd64/libsunec.so
7fc34e47d000-7fc34e67c000 ---p 00036000 08:01 947824                     /opt/android-studio/jre/jre/lib/amd64/libsunec.so
7fc34e67c000-7fc34e681000 r--p 00035000 08:01 947824                     /opt/android-studio/jre/jre/lib/amd64/libsunec.so
7fc34e681000-7fc34e683000 rw-p 0003a000 08:01 947824                     /opt/android-studio/jre/jre/lib/amd64/libsunec.so
7fc34e683000-7fc34e694000 rw-p 00000000 00:00 0 
7fc34e694000-7fc34e695000 r--s 00008000 08:01 947791                     /opt/android-studio/jre/jre/lib/ext/sunec.jar
7fc34e695000-7fc34e699000 r--s 00037000 08:01 947789                     /opt/android-studio/jre/jre/lib/ext/sunpkcs11.jar
7fc34e699000-7fc34e69c000 r--s 00015000 08:01 947864                     /opt/android-studio/jre/jre/lib/jce.jar
7fc34e69c000-7fc34e89c000 rw-p 00000000 00:00 0 
7fc34e89c000-7fc34ea9c000 rw-p 00000000 00:00 0 
7fc34ea9c000-7fc34eaaf000 r--s 00344000 08:01 947764                     /opt/android-studio/jre/jre/lib/resources.jar
7fc34eaaf000-7fc34ecaf000 rw-p 00000000 00:00 0 
7fc34ecaf000-7fc34eeaf000 rw-p 00000000 00:00 0 
7fc34eeaf000-7fc34f0af000 rw-p 00000000 00:00 0 
7fc34f0af000-7fc34f2af000 rw-p 00000000 00:00 0 
7fc34f2af000-7fc34f4af000 rw-p 00000000 00:00 0 
7fc34f4af000-7fc34f4b0000 r--s 00001000 08:01 833015                     /home/bill/.gradle/caches/modules-2/files-2.1/com.android.tools/annotations/25.3.3/6c1474def63de173b5acb7bbe85b03596294c1fc/annotations-25.3.3.jar
7fc34f4b0000-7fc34f4b8000 r--s 000a8000 08:01 564655                     /home/bill/.gradle/caches/jars-2/lp0h431tl0554nh1vx6zomcvteflkp/lombok-ast-0.2.3.jar
7fc34f4b8000-7fc34f4cc000 r--s 000b4000 08:01 564654                     /home/bill/.gradle/caches/jars-2/hgvw6szzawm3evod5l2d6iutfug31w0/uast-162.2228.14.jar
7fc34f4cc000-7fc34f4ce000 r--s 0000d000 08:01 564653                     /home/bill/.gradle/caches/jars-2/7pwz1bowgakb1eux9ezb56jlturgsyi/commons-codec-1.4.jar
7fc34f4ce000-7fc34f4d0000 r--s 0000d000 08:01 564652                     /home/bill/.gradle/caches/jars-2/9dj1m0eyooi5qt13735vz8fpkl3cnfy/commons-logging-1.1.1.jar
7fc34f4d0000-7fc34f4d5000 r--s 00028000 08:01 564651                     /home/bill/.gradle/caches/jars-2/62lv0fe9b3xbqe57f6ljy5upwi7mf6k/httpcore-4.1.jar
7fc34f4d5000-7fc34f4d9000 r--s 0002f000 08:01 564650                     /home/bill/.gradle/caches/jars-2/gsg5n52frsvw6sx0swqqe2hwijwdcf0/jimfs-1.1.jar
7fc34f4d9000-7fc34f4da000 r--s 00004000 08:01 564649                     /home/bill/.gradle/caches/jars-2/lxs252id0979odjrerlctkb26c2vj95/annotations-12.0.jar
7fc34f4da000-7fc34f4db000 r--s 00004000 08:01 564648                     /home/bill/.gradle/caches/jars-2/9kn99dr0rulyl67sct1ephwcop56l61/asm-analysis-5.0.4.jar
7fc34f4db000-7fc34f4df000 r--s 00040000 08:01 832016                     /home/bill/.gradle/caches/modules-2/files-2.1/com.android.tools.lint/lint-api/25.3.3/69cae507e0ecd0c3f2817cbde7667cfc09455b8f/lint-api-25.3.3.jar
7fc34f4df000-7fc34f4e0000 r--s 0000a000 08:01 564646                     /home/bill/.gradle/caches/jars-2/nwyg9io65lv6jvmwit2wq82xnnxd7ia/kxml2-2.3.0.jar
7fc34f4e0000-7fc34f4e2000 r--s 00005000 08:01 564645                     /home/bill/.gradle/caches/jars-2/i6hc1uuj8e9ck59slmzdyz78ydn8sr6/httpmime-4.1.jar
7fc34f4e2000-7fc34f4ea000 r--s 0004e000 08:01 564644                     /home/bill/.gradle/caches/jars-2/7503wa5irssz0xxahv1xb82p2dl7rr2/httpclient-4.1.1.jar
7fc34f4ea000-7fc34f4f1000 r--s 00053000 08:01 564643                     /home/bill/.gradle/caches/jars-2/jgkfvs4eqggj7qsyw1f5d3up57hanj1/commons-compress-1.8.1.jar
7fc34f4f1000-7fc34f4f6000 r--s 0002a000 08:01 564642                     /home/bill/.gradle/caches/jars-2/je8f027qcr1z1egw08byp1ybxbp9kko/gson-2.2.4.jar
7fc34f4f6000-7fc34f4fb000 r--s 0002e000 08:01 831784                     /home/bill/.gradle/caches/modules-2/files-2.1/com.android.tools/repository/25.3.3/f0ab4106aa02cf354712a1ee0e3abfd002c4cf4d/repository-25.3.3.jar
7fc34f4fb000-7fc34f4fd000 r--s 00006000 08:01 831783                     /home/bill/.gradle/caches/modules-2/files-2.1/com.android.tools/dvlib/25.3.3/7883888a1e9f8c78580148d0c32f0261459f8d8e/dvlib-25.3.3.jar
7fc34f4fd000-7fc34f4ff000 r--s 00013000 08:01 831782                     /home/bill/.gradle/caches/modules-2/files-2.1/com.android.tools.layoutlib/layoutlib-api/25.3.3/efb8549f2080bfb6a4725000fc406da2a0d6e405/layoutlib-api-25.3.3.jar
7fc34f4ff000-7fc34f503000 r--s 00037000 08:01 565044                     /home/bill/.gradle/caches/jars-2/16imn6u4nj5tggtw08brg8ln6w1enac/ST4-4.0.8.jar
7fc34f503000-7fc34f506000 r--s 00026000 08:01 565043                     /home/bill/.gradle/caches/jars-2/o0n4nddbiyske4o63eedy6axiv9r8xp/antlr-runtime-3.5.2.jar
7fc34f506000-7fc34f50b000 r--s 00058000 08:01 564638                     /home/bill/.gradle/caches/jars-2/st159835qgxm0l87oqrnhayxos4lc1n/asm-debug-all-5.0.1.jar
7fc34f50b000-7fc34f51b000 r--s 000d5000 08:01 564637                     /home/bill/.gradle/caches/jars-2/qzf32gp9kej4w4hlbabft6tplu74cj3/proguard-base-5.3.2.jar
7fc34f51b000-7fc34f51e000 r--s 00033000 08:01 564636                     /home/bill/.gradle/caches/jars-2/nz9sndmr8b4xbj4xulkaciy5kdbyfiz/juniversalchardet-1.0.3.jar
7fc34f51e000-7fc34f522000 r--s 0002a000 08:01 564635                     /home/bill/.gradle/caches/jars-2/krbpn9xjn1qymukyx8cc5l799ty1v3h/commons-io-2.4.jar
7fc34f522000-7fc34f539000 r--s 00154000 08:01 564634                     /home/bill/.gradle/caches/jars-2/sfeivjswzitn6n0fnjx3ueszz8gv8o1/antlr4-4.5.3.jar
7fc34f539000-7fc34f53b000 r--s 00002000 08:01 831644                     /home/bill/.gradle/caches/modules-2/files-2.1/com.android.databinding/baseLibrary/2.3.3/eb3399988a52099b0127e27fb5bed666eca86ace/baseLibrary-2.3.3.jar
7fc34f53b000-7fc34f566000 r--s 001fc000 08:01 564632                     /home/bill/.gradle/caches/jars-2/nxjrjftly2xksl8o0wqgivu5netfu2x/guava-18.0.jar
7fc34f566000-7fc34f579000 r--s 00241000 08:01 564631                     /home/bill/.gradle/caches/jars-2/9yuekvg4qerfitq3xec0iyckuw3hwaq/ecj-4.6.1.jar
7fc34f579000-7fc34f580000 r--s 000d9000 08:01 830517                     /home/bill/.gradle/caches/modules-2/files-2.1/com.android.tools.lint/lint-checks/25.3.3/5a6b3823b59ba46496453da5f86fdb5664edaf43/lint-checks-25.3.3.jar
7fc34f580000-7fc34f582000 r--s 00006000 08:01 564629                     /home/bill/.gradle/caches/jars-2/6phgj9ki3jl3p5epzkqoo8pr6kur40b/asm-tree-5.0.4.jar
7fc34f582000-7fc34f5b5000 r--s 00203000 08:01 564628                     /home/bill/.gradle/caches/jars-2/hj0bfvxu9cq7hkwmecvp0kg137or3hh/bcprov-jdk15on-1.48.jar
7fc34f5b5000-7fc34f5c3000 r--s 00081000 08:01 564627                     /home/bill/.gradle/caches/jars-2/4r7xli0tz94y0wfjrdyjxlxar3g1pb9/bcpkix-jdk15on-1.48.jar
7fc34f5c3000-7fc34f5c5000 r--s 00002000 08:01 564626                     /home/bill/.gradle/caches/jars-2/f32bh5uivuf69ecz2j8hl96ksnqdh7v/javawriter-2.5.0.jar
7fc34f5c5000-7fc34f5c7000 r--s 00004000 08:01 830516                     /home/bill/.gradle/caches/modules-2/files-2.1/com.android.tools.analytics-library/tracker/25.3.3/a4448e7a533c1d068a07da9a388fe499c1593b6a/tracker-25.3.3.jar
7fc34f5c7000-7fc34f5c8000 r--s 00005000 08:01 830515                     /home/bill/.gradle/caches/modules-2/files-2.1/com.android.tools.analytics-library/shared/25.3.3/291cdfaac8a965df5452d66ea7ec597e81d6008a/shared-25.3.3.jar
7fc34f5c8000-7fc34f5d6000 r--s 00147000 08:01 830514                     /home/bill/.gradle/caches/modules-2/files-2.1/com.android.tools.analytics-library/protos/25.3.3/e6783d6c41bd9e52c826bf3e92a8f3fc00ed1093/protos-25.3.3.jar
7fc34f5d6000-7fc34f5d7000 r--s 00001000 08:01 564622                     /home/bill/.gradle/caches/jars-2/bqo69msswbvaagsh45hf1tq02v21sml/jill-api-0.10.0.jar
7fc34f5d7000-7fc34f5dd000 r--s 0004a000 08:01 830513                     /home/bill/.gradle/caches/modules-2/files-2.1/com.android.tools.ddms/ddmlib/25.3.3/7f26233ca08015988c925f4cfaa87b3ea615b310/ddmlib-25.3.3.jar
7fc34f5dd000-7fc34f5e0000 r--s 00022000 08:01 830512                     /home/bill/.gradle/caches/modules-2/files-2.1/com.android.tools.build/manifest-merger/25.3.3/5784f5b3d8813aafa0ac8938d493a7e800d80e7b/manifest-merger-25.3.3.jar
7fc34f5e0000-7fc34f5e3000 r--s 0001c000 08:01 830511                     /home/bill/.gradle/caches/modules-2/files-2.1/com.android.tools/common/25.3.3/b549ae6ded62a4408f48c602279c83255b9b95e6/common-25.3.3.jar
7fc34f5e3000-7fc34f5ec000 r--s 00089000 08:01 830510                     /home/bill/.gradle/caches/modules-2/files-2.1/com.android.tools/sdk-common/25.3.3/bc87eae04486cb16eebd0b2db3a067977fd6a784/sdk-common-25.3.3.jar
7fc34f5ec000-7fc34f5f6000 r--s 00098000 08:01 830509                     /home/bill/.gradle/caches/modules-2/files-2.1/com.android.tools/sdklib/25.3.3/131aeb4b4bb637dd7c634c6ef89dd89e3acf39c2/sdklib-25.3.3.jar
7fc34f5f6000-7fc34f600000 r--s 00110000 08:01 565039                     /home/bill/.gradle/caches/jars-2/myya4nl9802jr3d1kog1duo67r5o02s/antlr-3.5.2.jar
7fc34f600000-7fc34f800000 rw-p 00000000 00:00 0 
7fc34f800000-7fc34fa00000 rw-p 00000000 00:00 0 
7fc34fa00000-7fc34fc00000 rw-p 00000000 00:00 0 
7fc34fc00000-7fc34fe00000 rw-p 00000000 00:00 0 
7fc34fe00000-7fc350000000 rw-p 00000000 00:00 0 
7fc350000000-7fc350021000 rw-p 00000000 00:00 0 
7fc350021000-7fc354000000 ---p 00000000 00:00 0 
7fc354000000-7fc35404d000 rw-p 00000000 00:00 0 
7fc35404d000-7fc358000000 ---p 00000000 00:00 0 
7fc358000000-7fc358084000 rw-p 00000000 00:00 0 
7fc358084000-7fc35c000000 ---p 00000000 00:00 0 
7fc35c000000-7fc35c021000 rw-p 00000000 00:00 0 
7fc35c021000-7fc360000000 ---p 00000000 00:00 0 
7fc360000000-7fc360021000 rw-p 00000000 00:00 0 
7fc360021000-7fc364000000 ---p 00000000 00:00 0 
7fc364000000-7fc364044000 rw-p 00000000 00:00 0 
7fc364044000-7fc368000000 ---p 00000000 00:00 0 
7fc368000000-7fc369eef000 rw-p 00000000 00:00 0 
7fc369eef000-7fc36c000000 ---p 00000000 00:00 0 
7fc36c000000-7fc36d2dc000 rw-p 00000000 00:00 0 
7fc36d2dc000-7fc370000000 ---p 00000000 00:00 0 
7fc370000000-7fc37002b000 rw-p 00000000 00:00 0 
7fc37002b000-7fc374000000 ---p 00000000 00:00 0 
7fc374000000-7fc374027000 rw-p 00000000 00:00 0 
7fc374027000-7fc378000000 ---p 00000000 00:00 0 
7fc378000000-7fc3782bf000 rw-p 00000000 00:00 0 
7fc3782bf000-7fc37c000000 ---p 00000000 00:00 0 
7fc37c000000-7fc37c021000 rw-p 00000000 00:00 0 
7fc37c021000-7fc380000000 ---p 00000000 00:00 0 
7fc380000000-7fc380078000 rw-p 00000000 00:00 0 
7fc380078000-7fc384000000 ---p 00000000 00:00 0 
7fc384000000-7fc384002000 r--s 00003000 08:01 564621                     /home/bill/.gradle/caches/jars-2/7pldadygbci34ql8thws797g29k1uhh/jack-api-0.13.0.jar
7fc384002000-7fc384005000 r--s 00006000 08:01 830507                     /home/bill/.gradle/caches/modules-2/files-2.1/com.android.tools.build/builder-model/2.3.3/d2d2d56a8dbd830a172b0917dfda87fdda9c6393/builder-model-2.3.3.jar
7fc384005000-7fc384014000 r--s 00130000 08:01 564613                     /home/bill/.gradle/caches/jars-2/cr6zkqpx14lor9zdtmo49qpc7y8r8p4/protobuf-java-3.0.0.jar
7fc384014000-7fc384016000 r--s 0000f000 08:01 564612                     /home/bill/.gradle/caches/jars-2/rvfyugrlu5tbpz51p98og0qsxamjq4k/jopt-simple-4.9.jar
7fc384016000-7fc38401a000 r--s 0001f000 08:01 564611                     /home/bill/.gradle/caches/jars-2/nq3fzqkrrm37ob61z4iu5qdbh368uat/org.jacoco.report-0.7.5.201505241946.jar
7fc38401a000-7fc38401e000 r--s 0001d000 08:01 564610                     /home/bill/.gradle/caches/jars-2/3kxkmcckmk40ron92zhbm0qjo9l4bkl/org.jacoco.core-0.7.5.201505241946.jar
7fc38401e000-7fc384020000 r--s 00002000 08:01 564609                     /home/bill/.gradle/caches/jars-2/m4m0pzb4gmaeh0in5g2xc4bxeuwt828/proguard-gradle-5.3.2.jar
7fc384020000-7fc384022000 r--s 00009000 08:01 564608                     /home/bill/.gradle/caches/jars-2/ajvcvdu66lc9e3tvvipxtuq48i9bbkc/asm-commons-5.0.4.jar
7fc384022000-7fc384027000 r--s 0002c000 08:01 830506                     /home/bill/.gradle/caches/modules-2/files-2.1/com.android.databinding/compilerCommon/2.3.3/1f0e06d55f3f72f3192b6e026d9a5a557d9e2ea6/compilerCommon-2.3.3.jar
7fc384027000-7fc38403d000 r--s 00163000 08:01 830503                     /home/bill/.gradle/caches/modules-2/files-2.1/com.android.tools.build/builder/2.3.3/cd1759718adfce446c850a616dfac9f5863459a0/builder-2.3.3.jar
7fc38403d000-7fc3840ad000 r--s 00643000 08:01 564557                     /home/bill/.gradle/caches/jars-2/8cxlnul3q31hn64oaeyb96yvefwfs4h/groovy-all-2.4.6.jar
7fc3840ad000-7fc3842ad000 rw-p 00000000 00:00 0 
7fc3842ad000-7fc3842ea000 r--s 00585000 08:01 564518                     /home/bill/.gradle/caches/jars-2/1n7dnb6hjij4w2j5bxx77j095ri4wmt/sdk-tools.jar
7fc3842ea000-7fc3842eb000 r--s 00000000 08:01 564517                     /home/bill/.gradle/caches/jars-2/dg22azhabc6tsc1i8xni15giz1bnssh/gradle-appengine-builder-model-0.1.0.jar
7fc3842eb000-7fc3842ec000 r--s 00002000 08:01 564516                     /home/bill/.gradle/caches/jars-2/iqqgkgyg3wm9wmd3s8apxd4aza13lil/external-system-rt.jar
7fc3842ec000-7fc3842ee000 r--s 0000a000 08:01 564515                     /home/bill/.gradle/caches/jars-2/krcpb5psyzrj3vnyx2y829wtjlvcega/gradle-tooling-extension-api.jar
7fc3842ee000-7fc3842fb000 r--s 0017f000 08:01 564514                     /home/bill/.gradle/caches/jars-2/orod1zgrmtw50cwwvpd674tmm2f0m4j/velocity.jar
7fc3842fb000-7fc384335000 r--s 001e2000 08:01 564513                     /home/bill/.gradle/caches/jars-2/gsc6q095kyxskeaqm5ejgrya5fy93e4/gradle-core-3.2.jar
7fc384335000-7fc38433e000 r--s 00041000 08:01 564512                     /home/bill/.gradle/caches/jars-2/h9tlqcb3hm1v4dc2krttqmly48oj6dn/gradle-base-services-3.2.jar
7fc38433e000-7fc384366000 r--s 001cf000 08:01 564511                     /home/bill/.gradle/caches/jars-2/87eo0lrvp84r6dbxjq018wy66es2era/guava-jdk5-17.0.jar
7fc384366000-7fc384373000 r--s 00041000 08:01 564510                     /home/bill/.gradle/caches/jars-2/dgtjvv7hz6uw97ja0np1f4qgb2lzw3b/gradle-tooling-api-3.2.jar
7fc384373000-7fc384374000 r--s 00002000 08:01 830508                     /home/bill/.gradle/caches/modules-2/files-2.1/com.android.tools.build/builder-test-api/2.3.3/257ee44641dca594f94c00aa252626347a84ff72/builder-test-api-2.3.3.jar
7fc384374000-7fc384376000 r--s 0000c000 08:01 564607                     /home/bill/.gradle/caches/jars-2/1laz1ygmxoc408r7nwqs1q8uk8r236d/asm-5.0.4.jar
7fc384376000-7fc384377000 r--s 00002000 08:01 830505                     /home/bill/.gradle/caches/modules-2/files-2.1/com.android.tools.build/gradle-api/2.3.3/3cc748d05ade0e279690b535e28d22fdf4341ada/gradle-api-2.3.3.jar
7fc384377000-7fc384378000 r--s 00000000 08:01 564604                     /home/bill/.gradle/caches/jars-2/tlyajppf8woug00g686fx5mchf8iv3o/transform-api-2.0.0-deprecated-use-gradle-api.jar
7fc384378000-7fc38437d000 r--s 0005e000 08:01 830504                     /home/bill/.gradle/caches/modules-2/files-2.1/com.android.tools.lint/lint/25.3.3/abea61fde3e912a71fc1ce6c43e383533f6824b9/lint-25.3.3.jar
7fc38437d000-7fc38439c000 r--s 001ca000 08:01 830502                     /home/bill/.gradle/caches/modules-2/files-2.1/com.android.tools.build/gradle-core/2.3.3/2e96c3750f040fb0e48f4346c29b3924fe0dae08/gradle-core-2.3.3.jar
7fc38439c000-7fc38439e000 r--s 0000d000 08:01 830501                     /home/bill/.gradle/caches/modules-2/files-2.1/com.android.tools.build/gradle/2.3.3/f73080687a2488471a668ee37df38aa19a63e5da/gradle-2.3.3.jar
7fc38439e000-7fc3843a3000 r--s 0007a000 08:01 564559                     /home/bill/.gradle/caches/jars-2/2xfpvrqn285lkjaj2akqw48l0w4tra4/gradle-tooling-extension-impl.jar
7fc3843a3000-7fc3843a8000 r--s 00034000 08:01 564558                     /home/bill/.gradle/caches/jars-2/c74d41v3l7o57dyhdc4xhdfblc3m2cw/gson-2.5.jar
7fc3843a8000-7fc3843ab000 ---p 00000000 00:00 0 
7fc3843ab000-7fc3843e1000 rw-p 00000000 00:00 0 
7fc3843e1000-7fc3843e2000 r--p 00000000 00:00 0 
7fc3843e2000-7fc3845e2000 rw-p 00000000 00:00 0 
7fc3845e2000-7fc3845e5000 ---p 00000000 00:00 0 
7fc3845e5000-7fc3846e3000 rw-p 00000000 00:00 0 
7fc3846e3000-7fc38475c000 r--s 010ed000 08:01 947706                     /opt/android-studio/jre/lib/tools.jar
7fc38475c000-7fc38495c000 rw-p 00000000 00:00 0 
7fc38495c000-7fc38495f000 ---p 00000000 00:00 0 
7fc38495f000-7fc384a5d000 rw-p 00000000 00:00 0 
7fc384a5d000-7fc384a60000 ---p 00000000 00:00 0 
7fc384a60000-7fc384b5e000 rw-p 00000000 00:00 0 
7fc384b5e000-7fc384b61000 ---p 00000000 00:00 0 
7fc384b61000-7fc384c5f000 rw-p 00000000 00:00 0 
7fc384c5f000-7fc384c62000 ---p 00000000 00:00 0 
7fc384c62000-7fc384d60000 rw-p 00000000 00:00 0 
7fc384d60000-7fc384d63000 ---p 00000000 00:00 0 
7fc384d63000-7fc385061000 rw-p 00000000 00:00 0 
7fc385061000-7fc385064000 ---p 00000000 00:00 0 
7fc385064000-7fc385162000 rw-p 00000000 00:00 0 
7fc385162000-7fc385165000 ---p 00000000 00:00 0 
7fc385165000-7fc385263000 rw-p 00000000 00:00 0 
7fc385263000-7fc38526a000 r--s 00000000 08:01 661812                     /usr/lib/x86_64-linux-gnu/gconv/gconv-modules.cache
7fc38526a000-7fc38546a000 rw-p 00000000 00:00 0 
7fc38546a000-7fc38546d000 ---p 00000000 00:00 0 
7fc38546d000-7fc38556b000 rw-p 00000000 00:00 0 
7fc38556b000-7fc385574000 r-xp 00000000 08:01 947842                     /opt/android-studio/jre/jre/lib/amd64/libmanagement.so
7fc385574000-7fc385773000 ---p 00009000 08:01 947842                     /opt/android-studio/jre/jre/lib/amd64/libmanagement.so
7fc385773000-7fc385774000 r--p 00008000 08:01 947842                     /opt/android-studio/jre/jre/lib/amd64/libmanagement.so
7fc385774000-7fc385775000 rw-p 00009000 08:01 947842                     /opt/android-studio/jre/jre/lib/amd64/libmanagement.so
7fc385775000-7fc38577a000 r--s 00098000 08:01 947816                     /opt/android-studio/jre/jre/lib/jsse.jar
7fc38577a000-7fc38577c000 r--s 00007000 08:01 549500                     /home/bill/.gradle/wrapper/dists/gradle-3.3-all/55gk2rcmfc6p2dg9u9ohc3hw9/gradle-3.3/lib/plugins/gradle-tooling-api-builders-3.3.jar
7fc38577c000-7fc38577f000 r--s 00009000 08:01 549493                     /home/bill/.gradle/wrapper/dists/gradle-3.3-all/55gk2rcmfc6p2dg9u9ohc3hw9/gradle-3.3/lib/plugins/gradle-testing-native-3.3.jar
7fc38577f000-7fc385785000 r--s 00033000 08:01 549572                     /home/bill/.gradle/wrapper/dists/gradle-3.3-all/55gk2rcmfc6p2dg9u9ohc3hw9/gradle-3.3/lib/plugins/snakeyaml-1.6.jar
7fc385785000-7fc385787000 r--s 00006000 08:01 549571                     /home/bill/.gradle/wrapper/dists/gradle-3.3-all/55gk2rcmfc6p2dg9u9ohc3hw9/gradle-3.3/lib/plugins/jcommander-1.12.jar
7fc385787000-7fc38578c000 r--s 00040000 08:01 549569                     /home/bill/.gradle/wrapper/dists/gradle-3.3-all/55gk2rcmfc6p2dg9u9ohc3hw9/gradle-3.3/lib/plugins/bsh-2.0b4.jar
7fc38578c000-7fc38578e000 r--s 00009000 08:01 549578                     /home/bill/.gradle/wrapper/dists/gradle-3.3-all/55gk2rcmfc6p2dg9u9ohc3hw9/gradle-3.3/lib/plugins/hamcrest-core-1.3.jar
7fc38578e000-7fc385797000 r--s 00089000 08:01 549527                     /home/bill/.gradle/wrapper/dists/gradle-3.3-all/55gk2rcmfc6p2dg9u9ohc3hw9/gradle-3.3/lib/plugins/testng-6.3.1.jar
7fc385797000-7fc38579f000 r--s 00045000 08:01 549526                     /home/bill/.gradle/wrapper/dists/gradle-3.3-all/55gk2rcmfc6p2dg9u9ohc3hw9/gradle-3.3/lib/plugins/junit-4.12.jar
7fc38579f000-7fc3857a5000 r--s 0002e000 08:01 549494                     /home/bill/.gradle/wrapper/dists/gradle-3.3-all/55gk2rcmfc6p2dg9u9ohc3hw9/gradle-3.3/lib/plugins/gradle-testing-jvm-3.3.jar
7fc3857a5000-7fc3857a9000 r--s 00016000 08:01 549492                     /home/bill/.gradle/wrapper/dists/gradle-3.3-all/55gk2rcmfc6p2dg9u9ohc3hw9/gradle-3.3/lib/plugins/gradle-testing-base-3.3.jar
7fc3857a9000-7fc3857b0000 r--s 00038000 08:01 549520                     /home/bill/.gradle/wrapper/dists/gradle-3.3-all/55gk2rcmfc6p2dg9u9ohc3hw9/gradle-3.3/lib/plugins/bcpg-jdk15on-1.51.jar
7fc3857b0000-7fc3857b2000 r--s 0000c000 08:01 549471                     /home/bill/.gradle/wrapper/dists/gradle-3.3-all/55gk2rcmfc6p2dg9u9ohc3hw9/gradle-3.3/lib/plugins/gradle-signing-3.3.jar
7fc3857b2000-7fc3857b4000 r--s 00007000 08:01 549470                     /home/bill/.gradle/wrapper/dists/gradle-3.3-all/55gk2rcmfc6p2dg9u9ohc3hw9/gradle-3.3/lib/plugins/gradle-scala-3.3.jar
7fc3857b4000-7fc3857b5000 r--s 00004000 08:01 549498                     /home/bill/.gradle/wrapper/dists/gradle-3.3-all/55gk2rcmfc6p2dg9u9ohc3hw9/gradle-3.3/lib/plugins/gradle-resources-sftp-3.3.jar
7fc3857b5000-7fc3857c5000 r--s 00088000 08:01 549538                     /home/bill/.gradle/wrapper/dists/gradle-3.3-all/55gk2rcmfc6p2dg9u9ohc3hw9/gradle-3.3/lib/plugins/joda-time-2.8.2.jar
7fc3857c5000-7fc3857d6000 r--s 0010d000 08:01 549537                     /home/bill/.gradle/wrapper/dists/gradle-3.3-all/55gk2rcmfc6p2dg9u9ohc3hw9/gradle-3.3/lib/plugins/jackson-databind-2.6.6.jar
7fc3857d6000-7fc3857d9000 r--s 00009000 08:01 549536                     /home/bill/.gradle/wrapper/dists/gradle-3.3-all/55gk2rcmfc6p2dg9u9ohc3hw9/gradle-3.3/lib/plugins/jackson-annotations-2.6.6.jar
7fc3857d9000-7fc3857dd000 r--s 0003c000 08:01 549534                     /home/bill/.gradle/wrapper/dists/gradle-3.3-all/55gk2rcmfc6p2dg9u9ohc3hw9/gradle-3.3/lib/plugins/jackson-core-2.6.6.jar
7fc3857dd000-7fc3857eb000 r--s 00087000 08:01 549533                     /home/bill/.gradle/wrapper/dists/gradle-3.3-all/55gk2rcmfc6p2dg9u9ohc3hw9/gradle-3.3/lib/plugins/aws-java-sdk-core-1.11.6.jar
7fc3857eb000-7fc3857f2000 r--s 00057000 08:01 549532                     /home/bill/.gradle/wrapper/dists/gradle-3.3-all/55gk2rcmfc6p2dg9u9ohc3hw9/gradle-3.3/lib/plugins/aws-java-sdk-kms-1.11.6.jar
7fc3857f2000-7fc3857ff000 r--s 0008e000 08:01 549531                     /home/bill/.gradle/wrapper/dists/gradle-3.3-all/55gk2rcmfc6p2dg9u9ohc3hw9/gradle-3.3/lib/plugins/aws-java-sdk-s3-1.11.6.jar
7fc3857ff000-7fc385801000 r--s 00004000 08:01 549499                     /home/bill/.gradle/wrapper/dists/gradle-3.3-all/55gk2rcmfc6p2dg9u9ohc3hw9/gradle-3.3/lib/plugins/gradle-resources-s3-3.3.jar
7fc385801000-7fc385803000 r--s 00005000 08:01 549525                     /home/bill/.gradle/wrapper/dists/gradle-3.3-all/55gk2rcmfc6p2dg9u9ohc3hw9/gradle-3.3/lib/plugins/jatl-0.2.2.jar
7fc385803000-7fc385805000 r--s 0000f000 08:01 549476                     /home/bill/.gradle/wrapper/dists/gradle-3.3-all/55gk2rcmfc6p2dg9u9ohc3hw9/gradle-3.3/lib/plugins/gradle-reporting-3.3.jar
7fc385805000-7fc385807000 r--s 00002000 08:01 549477                     /home/bill/.gradle/wrapper/dists/gradle-3.3-all/55gk2rcmfc6p2dg9u9ohc3hw9/gradle-3.3/lib/plugins/gradle-publish-3.3.jar
7fc385807000-7fc385809000 r--s 00009000 08:01 549506                     /home/bill/.gradle/wrapper/dists/gradle-3.3-all/55gk2rcmfc6p2dg9u9ohc3hw9/gradle-3.3/lib/plugins/commons-cli-1.2.jar
7fc385809000-7fc38580f000 r--s 00031000 08:01 549462                     /home/bill/.gradle/wrapper/dists/gradle-3.3-all/55gk2rcmfc6p2dg9u9ohc3hw9/gradle-3.3/lib/plugins/gradle-plugins-3.3.jar
7fc38580f000-7fc385811000 r--s 00009000 08:01 549495                     /home/bill/.gradle/wrapper/dists/gradle-3.3-all/55gk2rcmfc6p2dg9u9ohc3hw9/gradle-3.3/lib/plugins/gradle-plugin-development-3.3.jar
7fc385811000-7fc385817000 r--s 0002b000 08:01 549488                     /home/bill/.gradle/wrapper/dists/gradle-3.3-all/55gk2rcmfc6p2dg9u9ohc3hw9/gradle-3.3/lib/plugins/gradle-platform-play-3.3.jar
7fc385817000-7fc385825000 r--s 00055000 08:01 549487                     /home/bill/.gradle/wrapper/dists/gradle-3.3-all/55gk2rcmfc6p2dg9u9ohc3hw9/gradle-3.3/lib/plugins/gradle-platform-native-3.3.jar
7fc385825000-7fc38582a000 r--s 0001f000 08:01 549482                     /home/bill/.gradle/wrapper/dists/gradle-3.3-all/55gk2rcmfc6p2dg9u9ohc3hw9/gradle-3.3/lib/plugins/gradle-platform-jvm-3.3.jar
7fc38582a000-7fc385832000 r--s 00027000 08:01 549481                     /home/bill/.gradle/wrapper/dists/gradle-3.3-all/55gk2rcmfc6p2dg9u9ohc3hw9/gradle-3.3/lib/plugins/gradle-platform-base-3.3.jar
7fc385832000-7fc38585a000 r--s 0021c000 08:01 549515                     /home/bill/.gradle/wrapper/dists/gradle-3.3-all/55gk2rcmfc6p2dg9u9ohc3hw9/gradle-3.3/lib/plugins/biz.aQute.bndlib-3.2.0.jar
7fc38585a000-7fc38585c000 r--s 00003000 08:01 549466                     /home/bill/.gradle/wrapper/dists/gradle-3.3-all/55gk2rcmfc6p2dg9u9ohc3hw9/gradle-3.3/lib/plugins/gradle-osgi-3.3.jar
7fc38585c000-7fc38585f000 r--s 0000c000 08:01 549518                     /home/bill/.gradle/wrapper/dists/gradle-3.3-all/55gk2rcmfc6p2dg9u9ohc3hw9/gradle-3.3/lib/plugins/pmaven-groovy-0.8-20100325.jar
7fc38585f000-7fc385860000 r--s 00004000 08:01 549517                     /home/bill/.gradle/wrapper/dists/gradle-3.3-all/55gk2rcmfc6p2dg9u9ohc3hw9/gradle-3.3/lib/plugins/pmaven-common-0.8-20100325.jar
7fc385860000-7fc385866000 r--s 00023000 08:01 549467                     /home/bill/.gradle/wrapper/dists/gradle-3.3-all/55gk2rcmfc6p2dg9u9ohc3hw9/gradle-3.3/lib/plugins/gradle-maven-3.3.jar
7fc385866000-7fc385869000 r--s 0000b000 08:01 549486                     /home/bill/.gradle/wrapper/dists/gradle-3.3-all/55gk2rcmfc6p2dg9u9ohc3hw9/gradle-3.3/lib/plugins/gradle-language-scala-3.3.jar
7fc385869000-7fc38586f000 r--s 0001a000 08:01 549490                     /home/bill/.gradle/wrapper/dists/gradle-3.3-all/55gk2rcmfc6p2dg9u9ohc3hw9/gradle-3.3/lib/plugins/gradle-language-native-3.3.jar
7fc38586f000-7fc385872000 r--s 00005000 08:01 549483                     /home/bill/.gradle/wrapper/dists/gradle-3.3-all/55gk2rcmfc6p2dg9u9ohc3hw9/gradle-3.3/lib/plugins/gradle-language-jvm-3.3.jar
7fc385872000-7fc385878000 r--s 00027000 08:01 549484                     /home/bill/.gradle/wrapper/dists/gradle-3.3-all/55gk2rcmfc6p2dg9u9ohc3hw9/gradle-3.3/lib/plugins/gradle-language-java-3.3.jar
7fc385878000-7fc38587a000 r--s 0000a000 08:01 549485                     /home/bill/.gradle/wrapper/dists/gradle-3.3-all/55gk2rcmfc6p2dg9u9ohc3hw9/gradle-3.3/lib/plugins/gradle-language-groovy-3.3.jar
7fc38587a000-7fc38587d000 r--s 0001e000 08:01 549544                     /home/bill/.gradle/wrapper/dists/gradle-3.3-all/55gk2rcmfc6p2dg9u9ohc3hw9/gradle-3.3/lib/plugins/jsp-api-2.1-6.1.14.jar
7fc38587d000-7fc3858a0000 r--s 00344000 08:01 549543                     /home/bill/.gradle/wrapper/dists/gradle-3.3-all/55gk2rcmfc6p2dg9u9ohc3hw9/gradle-3.3/lib/plugins/core-3.1.1.jar
7fc3858a0000-7fc3858a1000 r--s 00006000 08:01 549542                     /home/bill/.gradle/wrapper/dists/gradle-3.3-all/55gk2rcmfc6p2dg9u9ohc3hw9/gradle-3.3/lib/plugins/jetty-naming-6.1.26.jar
7fc3858a1000-7fc3858a2000 r--s 00002000 08:01 549513                     /home/bill/.gradle/wrapper/dists/gradle-3.3-all/55gk2rcmfc6p2dg9u9ohc3hw9/gradle-3.3/lib/plugins/geronimo-annotation_1.0_spec-1.0.jar
7fc3858a2000-7fc3858a4000 r--s 00002000 08:01 549512                     /home/bill/.gradle/wrapper/dists/gradle-3.3-all/55gk2rcmfc6p2dg9u9ohc3hw9/gradle-3.3/lib/plugins/jetty-annotations-6.1.26.jar
7fc3858a4000-7fc3858b5000 r--s 000ea000 08:01 549511                     /home/bill/.gradle/wrapper/dists/gradle-3.3-all/55gk2rcmfc6p2dg9u9ohc3hw9/gradle-3.3/lib/plugins/jsp-2.1-6.1.14.jar
7fc3858b5000-7fc3858b7000 r--s 0000d000 08:01 549510                     /home/bill/.gradle/wrapper/dists/gradle-3.3-all/55gk2rcmfc6p2dg9u9ohc3hw9/gradle-3.3/lib/plugins/jetty-plus-6.1.26.jar
7fc3858b7000-7fc3858b9000 r--s 0001f000 08:01 549509                     /home/bill/.gradle/wrapper/dists/gradle-3.3-all/55gk2rcmfc6p2dg9u9ohc3hw9/gradle-3.3/lib/plugins/servlet-api-2.5-20081211.jar
7fc3858b9000-7fc3858bd000 r--s 00028000 08:01 549508                     /home/bill/.gradle/wrapper/dists/gradle-3.3-all/55gk2rcmfc6p2dg9u9ohc3hw9/gradle-3.3/lib/plugins/jetty-util-6.1.26.jar
7fc3858bd000-7fc3858c4000 r--s 0007d000 08:01 549507                     /home/bill/.gradle/wrapper/dists/gradle-3.3-all/55gk2rcmfc6p2dg9u9ohc3hw9/gradle-3.3/lib/plugins/jetty-6.1.26.jar
7fc3858c4000-7fc3858c6000 r--s 0000a000 08:01 549464                     /home/bill/.gradle/wrapper/dists/gradle-3.3-all/55gk2rcmfc6p2dg9u9ohc3hw9/gradle-3.3/lib/plugins/gradle-jetty-3.3.jar
7fc3858c6000-7fc3858cd000 r--s 00035000 08:01 549524                     /home/bill/.gradle/wrapper/dists/gradle-3.3-all/55gk2rcmfc6p2dg9u9ohc3hw9/gradle-3.3/lib/plugins/simple-4.1.21.jar
7fc3858cd000-7fc3858d9000 r--s 00100000 08:01 549521                     /home/bill/.gradle/wrapper/dists/gradle-3.3-all/55gk2rcmfc6p2dg9u9ohc3hw9/gradle-3.3/lib/plugins/rhino-1.7R3.jar
7fc3858d9000-7fc3858dd000 r--s 00012000 08:01 549473                     /home/bill/.gradle/wrapper/dists/gradle-3.3-all/55gk2rcmfc6p2dg9u9ohc3hw9/gradle-3.3/lib/plugins/gradle-javascript-3.3.jar
7fc3858dd000-7fc3858df000 r--s 0000d000 08:01 549479                     /home/bill/.gradle/wrapper/dists/gradle-3.3-all/55gk2rcmfc6p2dg9u9ohc3hw9/gradle-3.3/lib/plugins/gradle-jacoco-3.3.jar
7fc3858df000-7fc3858e2000 r--s 0000e000 08:01 549478                     /home/bill/.gradle/wrapper/dists/gradle-3.3-all/55gk2rcmfc6p2dg9u9ohc3hw9/gradle-3.3/lib/plugins/gradle-ivy-3.3.jar
7fc3858e2000-7fc3858e3000 r--s 00002000 08:01 549489                     /home/bill/.gradle/wrapper/dists/gradle-3.3-all/55gk2rcmfc6p2dg9u9ohc3hw9/gradle-3.3/lib/plugins/gradle-ide-play-3.3.jar
7fc3858e3000-7fc3858e6000 r--s 00013000 08:01 549491                     /home/bill/.gradle/wrapper/dists/gradle-3.3-all/55gk2rcmfc6p2dg9u9ohc3hw9/gradle-3.3/lib/plugins/gradle-ide-native-3.3.jar
7fc3858e6000-7fc3858ef000 r--s 00055000 08:01 549468                     /home/bill/.gradle/wrapper/dists/gradle-3.3-all/55gk2rcmfc6p2dg9u9ohc3hw9/gradle-3.3/lib/plugins/gradle-ide-3.3.jar
7fc3858ef000-7fc3858f1000 r--s 00007000 08:01 549472                     /home/bill/.gradle/wrapper/dists/gradle-3.3-all/55gk2rcmfc6p2dg9u9ohc3hw9/gradle-3.3/lib/plugins/gradle-ear-3.3.jar
7fc3858f1000-7fc3858f7000 r--s 00039000 08:01 549475                     /home/bill/.gradle/wrapper/dists/gradle-3.3-all/55gk2rcmfc6p2dg9u9ohc3hw9/gradle-3.3/lib/plugins/gradle-diagnostics-3.3.jar
7fc3858f7000-7fc3858f8000 r--s 00009000 08:01 549501                     /home/bill/.gradle/wrapper/dists/gradle-3.3-all/55gk2rcmfc6p2dg9u9ohc3hw9/gradle-3.3/lib/plugins/gradle-composite-builds-3.3.jar
7fc3858f8000-7fc3858fc000 r--s 00023000 08:01 549463                     /home/bill/.gradle/wrapper/dists/gradle-3.3-all/55gk2rcmfc6p2dg9u9ohc3hw9/gradle-3.3/lib/plugins/gradle-code-quality-3.3.jar
7fc3858fc000-7fc385900000 r--s 00022000 08:01 549480                     /home/bill/.gradle/wrapper/dists/gradle-3.3-all/55gk2rcmfc6p2dg9u9ohc3hw9/gradle-3.3/lib/plugins/gradle-build-init-3.3.jar
7fc385900000-7fc385906000 r--s 0008e000 08:01 549474                     /home/bill/.gradle/wrapper/dists/gradle-3.3-all/55gk2rcmfc6p2dg9u9ohc3hw9/gradle-3.3/lib/plugins/gradle-build-comparison-3.3.jar
7fc385906000-7fc385907000 r--s 00001000 08:01 549502                     /home/bill/.gradle/wrapper/dists/gradle-3.3-all/55gk2rcmfc6p2dg9u9ohc3hw9/gradle-3.3/lib/plugins/gradle-build-cache-http-3.3.jar
7fc385907000-7fc385909000 r--s 00008000 08:01 549465                     /home/bill/.gradle/wrapper/dists/gradle-3.3-all/55gk2rcmfc6p2dg9u9ohc3hw9/gradle-3.3/lib/plugins/gradle-antlr-3.3.jar
7fc385909000-7fc38590b000 r--s 00004000 08:01 549469                     /home/bill/.gradle/wrapper/dists/gradle-3.3-all/55gk2rcmfc6p2dg9u9ohc3hw9/gradle-3.3/lib/plugins/gradle-announce-3.3.jar
7fc38590b000-7fc385923000 r--s 00115000 08:01 549575                     /home/bill/.gradle/wrapper/dists/gradle-3.3-all/55gk2rcmfc6p2dg9u9ohc3hw9/gradle-3.3/lib/plugins/xercesImpl-2.9.1.jar
7fc385923000-7fc38592b000 r--s 00028000 08:01 549576                     /home/bill/.gradle/wrapper/dists/gradle-3.3-all/55gk2rcmfc6p2dg9u9ohc3hw9/gradle-3.3/lib/plugins/xml-apis-1.3.04.jar
7fc38592b000-7fc385931000 r--s 0005b000 08:01 549574                     /home/bill/.gradle/wrapper/dists/gradle-3.3-all/55gk2rcmfc6p2dg9u9ohc3hw9/gradle-3.3/lib/plugins/jcifs-1.3.17.jar
7fc385931000-7fc385937000 r--s 00033000 08:01 549519                     /home/bill/.gradle/wrapper/dists/gradle-3.3-all/55gk2rcmfc6p2dg9u9ohc3hw9/gradle-3.3/lib/plugins/commons-codec-1.6.jar
7fc385937000-7fc38593e000 r--s 00049000 08:01 549573                     /home/bill/.gradle/wrapper/dists/gradle-3.3-all/55gk2rcmfc6p2dg9u9ohc3hw9/gradle-3.3/lib/plugins/httpcore-4.4.4.jar
7fc38593e000-7fc385941000 r--s 0001c000 08:01 549529                     /home/bill/.gradle/wrapper/dists/gradle-3.3-all/55gk2rcmfc6p2dg9u9ohc3hw9/gradle-3.3/lib/plugins/nekohtml-1.9.14.jar
7fc385941000-7fc38594e000 r--s 000a4000 08:01 549528                     /home/bill/.gradle/wrapper/dists/gradle-3.3-all/55gk2rcmfc6p2dg9u9ohc3hw9/gradle-3.3/lib/plugins/httpclient-4.4.1.jar
7fc38594e000-7fc385951000 r--s 0000a000 08:01 549497                     /home/bill/.gradle/wrapper/dists/gradle-3.3-all/55gk2rcmfc6p2dg9u9ohc3hw9/gradle-3.3/lib/plugins/gradle-resources-http-3.3.jar
7fc385951000-7fc385955000 r--s 00015000 08:01 549496                     /home/bill/.gradle/wrapper/dists/gradle-3.3-all/55gk2rcmfc6p2dg9u9ohc3hw9/gradle-3.3/lib/plugins/gradle-plugin-use-3.3.jar
7fc385955000-7fc385956000 r--s 00000000 08:01 545316                     /home/bill/.gradle/wrapper/dists/gradle-3.3-all/55gk2rcmfc6p2dg9u9ohc3hw9/gradle-3.3/lib/gradle-installation-beacon-3.3.jar
7fc385956000-7fc385958000 r--s 00006000 08:01 549568                     /home/bill/.gradle/wrapper/dists/gradle-3.3-all/55gk2rcmfc6p2dg9u9ohc3hw9/gradle-3.3/lib/plugins/aether-connector-wagon-1.13.1.jar
7fc385958000-7fc38595c000 r--s 0001c000 08:01 549567                     /home/bill/.gradle/wrapper/dists/gradle-3.3-all/55gk2rcmfc6p2dg9u9ohc3hw9/gradle-3.3/lib/plugins/aether-util-1.13.1.jar
7fc38595c000-7fc38595d000 r--s 00003000 08:01 549566                     /home/bill/.gradle/wrapper/dists/gradle-3.3-all/55gk2rcmfc6p2dg9u9ohc3hw9/gradle-3.3/lib/plugins/aether-spi-1.13.1.jar
7fc38595d000-7fc385960000 r--s 0001d000 08:01 549565                     /home/bill/.gradle/wrapper/dists/gradle-3.3-all/55gk2rcmfc6p2dg9u9ohc3hw9/gradle-3.3/lib/plugins/aether-impl-1.13.1.jar
7fc385960000-7fc385963000 r--s 00013000 08:01 549564                     /home/bill/.gradle/wrapper/dists/gradle-3.3-all/55gk2rcmfc6p2dg9u9ohc3hw9/gradle-3.3/lib/plugins/aether-api-1.13.1.jar
7fc385963000-7fc385964000 r--s 00007000 08:01 549563                     /home/bill/.gradle/wrapper/dists/gradle-3.3-all/55gk2rcmfc6p2dg9u9ohc3hw9/gradle-3.3/lib/plugins/wagon-http-shared4-2.4.jar
7fc385964000-7fc385966000 r--s 0000b000 08:01 549562                     /home/bill/.gradle/wrapper/dists/gradle-3.3-all/55gk2rcmfc6p2dg9u9ohc3hw9/gradle-3.3/lib/plugins/wagon-provider-api-2.4.jar
7fc385966000-7fc385967000 r--s 00002000 08:01 549561                     /home/bill/.gradle/wrapper/dists/gradle-3.3-all/55gk2rcmfc6p2dg9u9ohc3hw9/gradle-3.3/lib/plugins/wagon-http-2.4.jar
7fc385967000-7fc385968000 r--s 00002000 08:01 549560                     /home/bill/.gradle/wrapper/dists/gradle-3.3-all/55gk2rcmfc6p2dg9u9ohc3hw9/gradle-3.3/lib/plugins/wagon-file-2.4.jar
7fc385968000-7fc38596a000 r--s 0000c000 08:01 549559                     /home/bill/.gradle/wrapper/dists/gradle-3.3-all/55gk2rcmfc6p2dg9u9ohc3hw9/gradle-3.3/lib/plugins/maven-aether-provider-3.0.4.jar
7fc38596a000-7fc38596c000 r--s 0000b000 08:01 549558                     /home/bill/.gradle/wrapper/dists/gradle-3.3-all/55gk2rcmfc6p2dg9u9ohc3hw9/gradle-3.3/lib/plugins/maven-plugin-api-3.0.4.jar
7fc38596c000-7fc38596e000 r--s 00006000 08:01 549557                     /home/bill/.gradle/wrapper/dists/gradle-3.3-all/55gk2rcmfc6p2dg9u9ohc3hw9/gradle-3.3/lib/plugins/maven-repository-metadata-3.0.4.jar
7fc38596e000-7fc385970000 r--s 0000b000 08:01 549556                     /home/bill/.gradle/wrapper/dists/gradle-3.3-all/55gk2rcmfc6p2dg9u9ohc3hw9/gradle-3.3/lib/plugins/maven-artifact-3.0.4.jar
7fc385970000-7fc385972000 r--s 00026000 08:01 549555                     /home/bill/.gradle/wrapper/dists/gradle-3.3-all/55gk2rcmfc6p2dg9u9ohc3hw9/gradle-3.3/lib/plugins/maven-model-3.0.4.jar
7fc385972000-7fc385976000 r--s 00021000 08:01 549554                     /home/bill/.gradle/wrapper/dists/gradle-3.3-all/55gk2rcmfc6p2dg9u9ohc3hw9/gradle-3.3/lib/plugins/maven-model-builder-3.0.4.jar
7fc385976000-7fc38597c000 r--s 0003f000 08:01 549553                     /home/bill/.gradle/wrapper/dists/gradle-3.3-all/55gk2rcmfc6p2dg9u9ohc3hw9/gradle-3.3/lib/plugins/maven-compat-3.0.4.jar
7fc38597c000-7fc38597e000 r--s 00002000 08:01 549551                     /home/bill/.gradle/wrapper/dists/gradle-3.3-all/55gk2rcmfc6p2dg9u9ohc3hw9/gradle-3.3/lib/plugins/plexus-cipher-1.7.jar
7fc38597e000-7fc385980000 r--s 0000a000 08:01 549550                     /home/bill/.gradle/wrapper/dists/gradle-3.3-all/55gk2rcmfc6p2dg9u9ohc3hw9/gradle-3.3/lib/plugins/plexus-classworlds-2.4.jar
7fc385980000-7fc385987000 r--s 0002e000 08:01 549549                     /home/bill/.gradle/wrapper/dists/gradle-3.3-all/55gk2rcmfc6p2dg9u9ohc3hw9/gradle-3.3/lib/plugins/plexus-container-default-1.5.5.jar
7fc385987000-7fc385989000 r--s 00000000 08:01 549577                     /home/bill/.gradle/wrapper/dists/gradle-3.3-all/55gk2rcmfc6p2dg9u9ohc3hw9/gradle-3.3/lib/plugins/plexus-component-annotations-1.5.5.jar
7fc385989000-7fc38598b000 r--s 0000d000 08:01 549548                     /home/bill/.gradle/wrapper/dists/gradle-3.3-all/55gk2rcmfc6p2dg9u9ohc3hw9/gradle-3.3/lib/plugins/plexus-interpolation-1.14.jar
7fc38598b000-7fc38598f000 r--s 00033000 08:01 549547                     /home/bill/.gradle/wrapper/dists/gradle-3.3-all/55gk2rcmfc6p2dg9u9ohc3hw9/gradle-3.3/lib/plugins/plexus-utils-2.0.6.jar
7fc38598f000-7fc385992000 r--s 00008000 08:01 549546                     /home/bill/.gradle/wrapper/dists/gradle-3.3-all/55gk2rcmfc6p2dg9u9ohc3hw9/gradle-3.3/lib/plugins/maven-settings-builder-3.0.4.jar
7fc385992000-7fc385994000 r--s 0000a000 08:01 549545                     /home/bill/.gradle/wrapper/dists/gradle-3.3-all/55gk2rcmfc6p2dg9u9ohc3hw9/gradle-3.3/lib/plugins/maven-settings-3.0.4.jar
7fc385994000-7fc385999000 r--s 00040000 08:01 549530                     /home/bill/.gradle/wrapper/dists/gradle-3.3-all/55gk2rcmfc6p2dg9u9ohc3hw9/gradle-3.3/lib/plugins/jsch-0.1.53.jar
7fc385999000-7fc3859d9000 r--s 00277000 08:01 549541                     /home/bill/.gradle/wrapper/dists/gradle-3.3-all/55gk2rcmfc6p2dg9u9ohc3hw9/gradle-3.3/lib/plugins/bcprov-jdk15on-1.51.jar
7fc3859d9000-7fc3859dd000 r--s 0001d000 08:01 549540                     /home/bill/.gradle/wrapper/dists/gradle-3.3-all/55gk2rcmfc6p2dg9u9ohc3hw9/gradle-3.3/lib/plugins/xbean-reflect-3.4.jar
7fc3859dd000-7fc3859e9000 r--s 0007d000 08:01 549516                     /home/bill/.gradle/wrapper/dists/gradle-3.3-all/55gk2rcmfc6p2dg9u9ohc3hw9/gradle-3.3/lib/plugins/maven-core-3.0.4.jar
7fc3859e9000-7fc3859ee000 r--s 00034000 08:01 549523                     /home/bill/.gradle/wrapper/dists/gradle-3.3-all/55gk2rcmfc6p2dg9u9ohc3hw9/gradle-3.3/lib/plugins/gson-2.7.jar
7fc3859ee000-7fc3859fd000 r--s 000d9000 08:01 549539                     /home/bill/.gradle/wrapper/dists/gradle-3.3-all/55gk2rcmfc6p2dg9u9ohc3hw9/gradle-3.3/lib/plugins/ivy-2.2.0.jar
7fc3859fd000-7fc385a13000 r-xp 00000000 08:01 923282                     /lib/x86_64-linux-gnu/libgcc_s.so.1
7fc385a13000-7fc385c12000 ---p 00016000 08:01 923282                     /lib/x86_64-linux-gnu/libgcc_s.so.1
7fc385c12000-7fc385c13000 rw-p 00015000 08:01 923282                     /lib/x86_64-linux-gnu/libgcc_s.so.1
7fc385c13000-7fc385d85000 r-xp 00000000 08:01 449558                     /usr/lib/x86_64-linux-gnu/libstdc++.so.6.0.21
7fc385d85000-7fc385f85000 ---p 00172000 08:01 449558                     /usr/lib/x86_64-linux-gnu/libstdc++.so.6.0.21
7fc385f85000-7fc385f8f000 r--p 00172000 08:01 449558                     /usr/lib/x86_64-linux-gnu/libstdc++.so.6.0.21
7fc385f8f000-7fc385f91000 rw-p 0017c000 08:01 449558                     /usr/lib/x86_64-linux-gnu/libstdc++.so.6.0.21
7fc385f91000-7fc385f95000 rw-p 00000000 00:00 0 
7fc385f95000-7fc385f96000 r--s 00006000 08:01 549552                     /home/bill/.gradle/wrapper/dists/gradle-3.3-all/55gk2rcmfc6p2dg9u9ohc3hw9/gradle-3.3/lib/plugins/plexus-sec-dispatcher-1.3.jar
7fc385f96000-7fc385fb5000 r--s 000f6000 08:01 549504                     /home/bill/.gradle/wrapper/dists/gradle-3.3-all/55gk2rcmfc6p2dg9u9ohc3hw9/gradle-3.3/lib/plugins/gradle-dependency-management-3.3.jar
7fc385fb5000-7fc385fb7000 r--s 00005000 08:01 549503                     /home/bill/.gradle/wrapper/dists/gradle-3.3-all/55gk2rcmfc6p2dg9u9ohc3hw9/gradle-3.3/lib/plugins/gradle-workers-3.3.jar
7fc385fb7000-7fc385fbc000 r-xp 00000000 08:01 564504                     /home/bill/.gradle/native/23/linux-amd64/libnative-platform.so
7fc385fbc000-7fc3861bb000 ---p 00005000 08:01 564504                     /home/bill/.gradle/native/23/linux-amd64/libnative-platform.so
7fc3861bb000-7fc3861bc000 rw-p 00004000 08:01 564504                     /home/bill/.gradle/native/23/linux-amd64/libnative-platform.so
7fc3861bc000-7fc3861cd000 r-xp 00000000 08:01 947830                     /opt/android-studio/jre/jre/lib/amd64/libnio.so
7fc3861cd000-7fc3863cc000 ---p 00011000 08:01 947830                     /opt/android-studio/jre/jre/lib/amd64/libnio.so
7fc3863cc000-7fc3863cd000 r--p 00010000 08:01 947830                     /opt/android-studio/jre/jre/lib/amd64/libnio.so
7fc3863cd000-7fc3863ce000 rw-p 00011000 08:01 947830                     /opt/android-studio/jre/jre/lib/amd64/libnio.so
7fc3863ce000-7fc3866cf000 rw-p 00000000 00:00 0 
7fc3866cf000-7fc3866e6000 r-xp 00000000 08:01 947828                     /opt/android-studio/jre/jre/lib/amd64/libnet.so
7fc3866e6000-7fc3868e5000 ---p 00017000 08:01 947828                     /opt/android-studio/jre/jre/lib/amd64/libnet.so
7fc3868e5000-7fc3868e6000 r--p 00016000 08:01 947828                     /opt/android-studio/jre/jre/lib/amd64/libnet.so
7fc3868e6000-7fc3868e7000 rw-p 00017000 08:01 947828                     /opt/android-studio/jre/jre/lib/amd64/libnet.so
7fc3868e7000-7fc3868e8000 r--s 00006000 08:01 545315                     /home/bill/.gradle/wrapper/dists/gradle-3.3-all/55gk2rcmfc6p2dg9u9ohc3hw9/gradle-3.3/lib/gradle-wrapper-3.3.jar
7fc3868e8000-7fc3868f5000 r--s 00041000 08:01 546781                     /home/bill/.gradle/wrapper/dists/gradle-3.3-all/55gk2rcmfc6p2dg9u9ohc3hw9/gradle-3.3/lib/gradle-tooling-api-3.3.jar
7fc3868f5000-7fc3868f7000 r--s 00002000 08:01 549435                     /home/bill/.gradle/wrapper/dists/gradle-3.3-all/55gk2rcmfc6p2dg9u9ohc3hw9/gradle-3.3/lib/gradle-open-api-3.3.jar
7fc3868f7000-7fc3868fd000 r--s 00032000 08:01 549437                     /home/bill/.gradle/wrapper/dists/gradle-3.3-all/55gk2rcmfc6p2dg9u9ohc3hw9/gradle-3.3/lib/jaxen-1.1.jar
7fc3868fd000-7fc386902000 r--s 00048000 08:01 549436                     /home/bill/.gradle/wrapper/dists/gradle-3.3-all/55gk2rcmfc6p2dg9u9ohc3hw9/gradle-3.3/lib/dom4j-1.6.1.jar
7fc386902000-7fc38690d000 r--s 00059000 08:01 546779                     /home/bill/.gradle/wrapper/dists/gradle-3.3-all/55gk2rcmfc6p2dg9u9ohc3hw9/gradle-3.3/lib/gradle-ui-3.3.jar
7fc38690d000-7fc386916000 r--s 0008c000 08:01 545313                     /home/bill/.gradle/wrapper/dists/gradle-3.3-all/55gk2rcmfc6p2dg9u9ohc3hw9/gradle-3.3/lib/kotlin-stdlib-1.1-M02.jar
7fc386916000-7fc38691c000 r--s 0002a000 08:01 545312                     /home/bill/.gradle/wrapper/dists/gradle-3.3-all/55gk2rcmfc6p2dg9u9ohc3hw9/gradle-3.3/lib/kotlin-runtime-1.1-M02.jar
7fc38691c000-7fc386950000 r--s 00256000 08:01 545311                     /home/bill/.gradle/wrapper/dists/gradle-3.3-all/55gk2rcmfc6p2dg9u9ohc3hw9/gradle-3.3/lib/kotlin-reflect-1.1-M02.jar
7fc386950000-7fc386ae6000 r--s 0157e000 08:01 545310                     /home/bill/.gradle/wrapper/dists/gradle-3.3-all/55gk2rcmfc6p2dg9u9ohc3hw9/gradle-3.3/lib/kotlin-compiler-embeddable-1.1-M02.jar
7fc386ae6000-7fc386aee000 r--s 0004e000 08:01 545309                     /home/bill/.gradle/wrapper/dists/gradle-3.3-all/55gk2rcmfc6p2dg9u9ohc3hw9/gradle-3.3/lib/gradle-script-kotlin-0.5.1.jar
7fc386aee000-7fc386af1000 r--s 0000b000 08:01 549433                     /home/bill/.gradle/wrapper/dists/gradle-3.3-all/55gk2rcmfc6p2dg9u9ohc3hw9/gradle-3.3/lib/gradle-resources-3.3.jar
7fc386af1000-7fc386af3000 r--s 00003000 08:01 549442                     /home/bill/.gradle/wrapper/dists/gradle-3.3-all/55gk2rcmfc6p2dg9u9ohc3hw9/gradle-3.3/lib/jcl-over-slf4j-1.7.10.jar
7fc386af3000-7fc386af4000 r--s 00005000 08:01 549441                     /home/bill/.gradle/wrapper/dists/gradle-3.3-all/55gk2rcmfc6p2dg9u9ohc3hw9/gradle-3.3/lib/log4j-over-slf4j-1.7.10.jar
7fc386af4000-7fc386af6000 r--s 00000000 08:01 549440                     /home/bill/.gradle/wrapper/dists/gradle-3.3-all/55gk2rcmfc6p2dg9u9ohc3hw9/gradle-3.3/lib/jul-to-slf4j-1.7.10.jar
7fc386af6000-7fc386afb000 r--s 0001e000 08:01 546783                     /home/bill/.gradle/wrapper/dists/gradle-3.3-all/55gk2rcmfc6p2dg9u9ohc3hw9/gradle-3.3/lib/gradle-logging-3.3.jar
7fc386afb000-7fc386afd000 r--s 00007000 08:01 549461                     /home/bill/.gradle/wrapper/dists/gradle-3.3-all/55gk2rcmfc6p2dg9u9ohc3hw9/gradle-3.3/lib/objenesis-1.2.jar
7fc386afd000-7fc386aff000 r--s 00000000 08:01 549460                     /home/bill/.gradle/wrapper/dists/gradle-3.3-all/55gk2rcmfc6p2dg9u9ohc3hw9/gradle-3.3/lib/minlog-1.2.jar
7fc386aff000-7fc386b01000 r--s 0000f000 08:01 549459                     /home/bill/.gradle/wrapper/dists/gradle-3.3-all/55gk2rcmfc6p2dg9u9ohc3hw9/gradle-3.3/lib/reflectasm-1.07-shaded.jar
7fc386b01000-7fc386b05000 r--s 00026000 08:01 549444                     /home/bill/.gradle/wrapper/dists/gradle-3.3-all/55gk2rcmfc6p2dg9u9ohc3hw9/gradle-3.3/lib/kryo-2.20.jar
7fc386b05000-7fc386b0b000 r--s 00027000 08:01 549432                     /home/bill/.gradle/wrapper/dists/gradle-3.3-all/55gk2rcmfc6p2dg9u9ohc3hw9/gradle-3.3/lib/gradle-messaging-3.3.jar
7fc386b0b000-7fc386b0c000 r--s 00001000 08:01 549458                     /home/bill/.gradle/wrapper/dists/gradle-3.3-all/55gk2rcmfc6p2dg9u9ohc3hw9/gradle-3.3/lib/native-platform-linux-i386-ncurses6-0.12.jar
7fc386b0c000-7fc386b0d000 r--s 00001000 08:01 549457                     /home/bill/.gradle/wrapper/dists/gradle-3.3-all/55gk2rcmfc6p2dg9u9ohc3hw9/gradle-3.3/lib/native-platform-linux-i386-ncurses5-0.12.jar
7fc386b0d000-7fc386b0e000 r--s 00001000 08:01 549456                     /home/bill/.gradle/wrapper/dists/gradle-3.3-all/55gk2rcmfc6p2dg9u9ohc3hw9/gradle-3.3/lib/native-platform-linux-amd64-ncurses6-0.12.jar
7fc386b0e000-7fc386b0f000 r--s 00001000 08:01 549455                     /home/bill/.gradle/wrapper/dists/gradle-3.3-all/55gk2rcmfc6p2dg9u9ohc3hw9/gradle-3.3/lib/native-platform-linux-amd64-ncurses5-0.12.jar
7fc386b0f000-7fc386b10000 r--s 0000b000 08:01 549454                     /home/bill/.gradle/wrapper/dists/gradle-3.3-all/55gk2rcmfc6p2dg9u9ohc3hw9/gradle-3.3/lib/native-platform-windows-i386-0.12.jar
7fc386b10000-7fc386b12000 r--s 0000b000 08:01 549453                     /home/bill/.gradle/wrapper/dists/gradle-3.3-all/55gk2rcmfc6p2dg9u9ohc3hw9/gradle-3.3/lib/native-platform-windows-amd64-0.12.jar
7fc386b12000-7fc386b14000 r--s 00002000 08:01 549452                     /home/bill/.gradle/wrapper/dists/gradle-3.3-all/55gk2rcmfc6p2dg9u9ohc3hw9/gradle-3.3/lib/native-platform-osx-i386-0.12.jar
7fc386b14000-7fc386b15000 r--s 00002000 08:01 549451                     /home/bill/.gradle/wrapper/dists/gradle-3.3-all/55gk2rcmfc6p2dg9u9ohc3hw9/gradle-3.3/lib/native-platform-osx-amd64-0.12.jar
7fc386b15000-7fc386b16000 r--s 00002000 08:01 549450                     /home/bill/.gradle/wrapper/dists/gradle-3.3-all/55gk2rcmfc6p2dg9u9ohc3hw9/gradle-3.3/lib/native-platform-linux-i386-0.12.jar
7fc386b16000-7fc386b17000 r--s 00002000 08:01 549449                     /home/bill/.gradle/wrapper/dists/gradle-3.3-all/55gk2rcmfc6p2dg9u9ohc3hw9/gradle-3.3/lib/native-platform-linux-amd64-0.12.jar
7fc386b17000-7fc386b18000 r--s 00003000 08:01 549448                     /home/bill/.gradle/wrapper/dists/gradle-3.3-all/55gk2rcmfc6p2dg9u9ohc3hw9/gradle-3.3/lib/native-platform-freebsd-i386-libstdcpp-0.12.jar
7fc386b18000-7fc386b19000 r--s 00004000 08:01 549447                     /home/bill/.gradle/wrapper/dists/gradle-3.3-all/55gk2rcmfc6p2dg9u9ohc3hw9/gradle-3.3/lib/native-platform-freebsd-i386-libcpp-0.12.jar
7fc386b19000-7fc386b1b000 r--s 00003000 08:01 549446                     /home/bill/.gradle/wrapper/dists/gradle-3.3-all/55gk2rcmfc6p2dg9u9ohc3hw9/gradle-3.3/lib/native-platform-freebsd-amd64-libstdcpp-0.12.jar
7fc386b1b000-7fc386b1c000 r--s 00004000 08:01 549445                     /home/bill/.gradle/wrapper/dists/gradle-3.3-all/55gk2rcmfc6p2dg9u9ohc3hw9/gradle-3.3/lib/native-platform-freebsd-amd64-libcpp-0.12.jar
7fc386b1c000-7fc386b1f000 r--s 00023000 08:01 549439                     /home/bill/.gradle/wrapper/dists/gradle-3.3-all/55gk2rcmfc6p2dg9u9ohc3hw9/gradle-3.3/lib/jansi-1.14.jar
7fc386b1f000-7fc386b23000 r--s 00011000 08:01 549438                     /home/bill/.gradle/wrapper/dists/gradle-3.3-all/55gk2rcmfc6p2dg9u9ohc3hw9/gradle-3.3/lib/native-platform-0.12.jar
7fc386b23000-7fc386b93000 r--s 00641000 08:01 548074                     /home/bill/.gradle/wrapper/dists/gradle-3.3-all/55gk2rcmfc6p2dg9u9ohc3hw9/gradle-3.3/lib/groovy-all-2.4.7.jar
7fc386b93000-7fc386bbb000 r--s 001cf000 08:01 546965                     /home/bill/.gradle/wrapper/dists/gradle-3.3-all/55gk2rcmfc6p2dg9u9ohc3hw9/gradle-3.3/lib/guava-jdk5-17.0.jar
7fc386bbb000-7fc386bda000 r--s 001d1000 08:01 549424                     /home/bill/.gradle/wrapper/dists/gradle-3.3-all/55gk2rcmfc6p2dg9u9ohc3hw9/gradle-3.3/lib/ant-1.9.6.jar
7fc386bda000-7fc386c17000 r--s 001f8000 08:01 546775                     /home/bill/.gradle/wrapper/dists/gradle-3.3-all/55gk2rcmfc6p2dg9u9ohc3hw9/gradle-3.3/lib/gradle-core-3.3.jar
7fc386c17000-7fc386c18000 ---p 00000000 00:00 0 
7fc386c18000-7fc386d18000 rw-p 00000000 00:00 0 
7fc386d18000-7fc386d1b000 ---p 00000000 00:00 0 
7fc386d1b000-7fc386e19000 rw-p 00000000 00:00 0 
7fc386e19000-7fc386e1c000 ---p 00000000 00:00 0 
7fc386e1c000-7fc386f1a000 rw-p 00000000 00:00 0 
7fc386f1a000-7fc386f1d000 ---p 00000000 00:00 0 
7fc386f1d000-7fc38701b000 rw-p 00000000 00:00 0 
7fc38701b000-7fc38701e000 ---p 00000000 00:00 0 
7fc38701e000-7fc38711c000 rw-p 00000000 00:00 0 
7fc38711c000-7fc3873f4000 r--p 00000000 08:01 397809                     /usr/lib/locale/locale-archive
7fc3873f4000-7fc3873f7000 ---p 00000000 00:00 0 
7fc3873f7000-7fc3874f5000 rw-p 00000000 00:00 0 
7fc3874f5000-7fc3874f8000 ---p 00000000 00:00 0 
7fc3874f8000-7fc3875f6000 rw-p 00000000 00:00 0 
7fc3875f6000-7fc3875f7000 ---p 00000000 00:00 0 
7fc3875f7000-7fc388000000 rw-p 00000000 00:00 0 
7fc388000000-7fc388060000 rw-p 00000000 00:00 0 
7fc388060000-7fc38c000000 ---p 00000000 00:00 0 
7fc38c000000-7fc38c003000 r--s 0000a000 08:01 546782                     /home/bill/.gradle/wrapper/dists/gradle-3.3-all/55gk2rcmfc6p2dg9u9ohc3hw9/gradle-3.3/lib/gradle-native-3.3.jar
7fc38c003000-7fc38c005000 r--s 00005000 08:01 546778                     /home/bill/.gradle/wrapper/dists/gradle-3.3-all/55gk2rcmfc6p2dg9u9ohc3hw9/gradle-3.3/lib/gradle-cli-3.3.jar
7fc38c005000-7fc38c007000 r--s 00007000 08:01 548197                     /home/bill/.gradle/wrapper/dists/gradle-3.3-all/55gk2rcmfc6p2dg9u9ohc3hw9/gradle-3.3/lib/gradle-model-groovy-3.3.jar
7fc38c007000-7fc38c016000 r--s 0007f000 08:01 548113                     /home/bill/.gradle/wrapper/dists/gradle-3.3-all/55gk2rcmfc6p2dg9u9ohc3hw9/gradle-3.3/lib/gradle-model-core-3.3.jar
7fc38c016000-7fc38c0a6000 rw-p 00000000 00:00 0 
7fc38c0a6000-7fc38c275000 r--s 03c1b000 08:01 947798                     /opt/android-studio/jre/jre/lib/rt.jar
7fc38c275000-7fc38fdeb000 rw-p 00000000 00:00 0 
7fc38fdeb000-7fc38fdec000 ---p 00000000 00:00 0 
7fc38fdec000-7fc38ff10000 rw-p 00000000 00:00 0 
7fc38ff10000-7fc3900ec000 ---p 00000000 00:00 0 
7fc3900ec000-7fc390110000 rw-p 00000000 00:00 0 
7fc390110000-7fc3902ec000 ---p 00000000 00:00 0 
7fc3902ec000-7fc39038f000 rw-p 00000000 00:00 0 
7fc39038f000-7fc3903ec000 ---p 00000000 00:00 0 
7fc3903ec000-7fc390485000 rw-p 00000000 00:00 0 
7fc390485000-7fc3907ad000 ---p 00000000 00:00 0 
7fc3907ad000-7fc392d8d000 rwxp 00000000 00:00 0 
7fc392d8d000-7fc39f7ad000 ---p 00000000 00:00 0 
7fc39f7ad000-7fc39f7c7000 r-xp 00000000 08:01 947825                     /opt/android-studio/jre/jre/lib/amd64/libzip.so
7fc39f7c7000-7fc39f9c7000 ---p 0001a000 08:01 947825                     /opt/android-studio/jre/jre/lib/amd64/libzip.so
7fc39f9c7000-7fc39f9c8000 r--p 0001a000 08:01 947825                     /opt/android-studio/jre/jre/lib/amd64/libzip.so
7fc39f9c8000-7fc39f9c9000 rw-p 0001b000 08:01 947825                     /opt/android-studio/jre/jre/lib/amd64/libzip.so
7fc39f9c9000-7fc39f9d4000 r-xp 00000000 08:01 918785                     /lib/x86_64-linux-gnu/libnss_files-2.23.so
7fc39f9d4000-7fc39fbd3000 ---p 0000b000 08:01 918785                     /lib/x86_64-linux-gnu/libnss_files-2.23.so
7fc39fbd3000-7fc39fbd4000 r--p 0000a000 08:01 918785                     /lib/x86_64-linux-gnu/libnss_files-2.23.so
7fc39fbd4000-7fc39fbd5000 rw-p 0000b000 08:01 918785                     /lib/x86_64-linux-gnu/libnss_files-2.23.so
7fc39fbd5000-7fc39fbdb000 rw-p 00000000 00:00 0 
7fc39fbdb000-7fc39fbe6000 r-xp 00000000 08:01 918791                     /lib/x86_64-linux-gnu/libnss_nis-2.23.so
7fc39fbe6000-7fc39fde5000 ---p 0000b000 08:01 918791                     /lib/x86_64-linux-gnu/libnss_nis-2.23.so
7fc39fde5000-7fc39fde6000 r--p 0000a000 08:01 918791                     /lib/x86_64-linux-gnu/libnss_nis-2.23.so
7fc39fde6000-7fc39fde7000 rw-p 0000b000 08:01 918791                     /lib/x86_64-linux-gnu/libnss_nis-2.23.so
7fc39fde7000-7fc39fdfd000 r-xp 00000000 08:01 918777                     /lib/x86_64-linux-gnu/libnsl-2.23.so
7fc39fdfd000-7fc39fffc000 ---p 00016000 08:01 918777                     /lib/x86_64-linux-gnu/libnsl-2.23.so
7fc39fffc000-7fc39fffd000 r--p 00015000 08:01 918777                     /lib/x86_64-linux-gnu/libnsl-2.23.so
7fc39fffd000-7fc39fffe000 rw-p 00016000 08:01 918777                     /lib/x86_64-linux-gnu/libnsl-2.23.so
7fc39fffe000-7fc3a0000000 rw-p 00000000 00:00 0 
7fc3a0000000-7fc3a0cbf000 rw-p 00000000 00:00 0 
7fc3a0cbf000-7fc3a4000000 ---p 00000000 00:00 0 
7fc3a4000000-7fc3a4002000 r--s 00006000 08:01 549431                     /home/bill/.gradle/wrapper/dists/gradle-3.3-all/55gk2rcmfc6p2dg9u9ohc3hw9/gradle-3.3/lib/gradle-base-services-groovy-3.3.jar
7fc3a4002000-7fc3a4003000 r--s 00002000 08:01 549434                     /home/bill/.gradle/wrapper/dists/gradle-3.3-all/55gk2rcmfc6p2dg9u9ohc3hw9/gradle-3.3/lib/gradle-docs-3.3.jar
7fc3a4003000-7fc3a4010000 r--s 00083000 08:01 549426                     /home/bill/.gradle/wrapper/dists/gradle-3.3-all/55gk2rcmfc6p2dg9u9ohc3hw9/gradle-3.3/lib/commons-collections-3.2.2.jar
7fc3a4010000-7fc3a4011000 ---p 00000000 00:00 0 
7fc3a4011000-7fc3a4111000 rw-p 00000000 00:00 0 
7fc3a4111000-7fc3a4119000 r-xp 00000000 08:01 918803                     /lib/x86_64-linux-gnu/libnss_compat-2.23.so
7fc3a4119000-7fc3a4318000 ---p 00008000 08:01 918803                     /lib/x86_64-linux-gnu/libnss_compat-2.23.so
7fc3a4318000-7fc3a4319000 r--p 00007000 08:01 918803                     /lib/x86_64-linux-gnu/libnss_compat-2.23.so
7fc3a4319000-7fc3a431a000 rw-p 00008000 08:01 918803                     /lib/x86_64-linux-gnu/libnss_compat-2.23.so
7fc3a431a000-7fc3a4347000 r-xp 00000000 08:01 947835                     /opt/android-studio/jre/jre/lib/amd64/libjava.so
7fc3a4347000-7fc3a4546000 ---p 0002d000 08:01 947835                     /opt/android-studio/jre/jre/lib/amd64/libjava.so
7fc3a4546000-7fc3a4547000 r--p 0002c000 08:01 947835                     /opt/android-studio/jre/jre/lib/amd64/libjava.so
7fc3a4547000-7fc3a4549000 rw-p 0002d000 08:01 947835                     /opt/android-studio/jre/jre/lib/amd64/libjava.so
7fc3a4549000-7fc3a4559000 r-xp 00000000 08:01 947851                     /opt/android-studio/jre/jre/lib/amd64/libverify.so
7fc3a4559000-7fc3a4758000 ---p 00010000 08:01 947851                     /opt/android-studio/jre/jre/lib/amd64/libverify.so
7fc3a4758000-7fc3a475a000 r--p 0000f000 08:01 947851                     /opt/android-studio/jre/jre/lib/amd64/libverify.so
7fc3a475a000-7fc3a475b000 rw-p 00011000 08:01 947851                     /opt/android-studio/jre/jre/lib/amd64/libverify.so
7fc3a475b000-7fc3a4762000 r-xp 00000000 08:01 918795                     /lib/x86_64-linux-gnu/librt-2.23.so
7fc3a4762000-7fc3a4961000 ---p 00007000 08:01 918795                     /lib/x86_64-linux-gnu/librt-2.23.so
7fc3a4961000-7fc3a4962000 r--p 00006000 08:01 918795                     /lib/x86_64-linux-gnu/librt-2.23.so
7fc3a4962000-7fc3a4963000 rw-p 00007000 08:01 918795                     /lib/x86_64-linux-gnu/librt-2.23.so
7fc3a4963000-7fc3a4a6b000 r-xp 00000000 08:01 918812                     /lib/x86_64-linux-gnu/libm-2.23.so
7fc3a4a6b000-7fc3a4c6a000 ---p 00108000 08:01 918812                     /lib/x86_64-linux-gnu/libm-2.23.so
7fc3a4c6a000-7fc3a4c6b000 r--p 00107000 08:01 918812                     /lib/x86_64-linux-gnu/libm-2.23.so
7fc3a4c6b000-7fc3a4c6c000 rw-p 00108000 08:01 918812                     /lib/x86_64-linux-gnu/libm-2.23.so
7fc3a4c6c000-7fc3a585d000 r-xp 00000000 08:01 947855                     /opt/android-studio/jre/jre/lib/amd64/server/libjvm.so
7fc3a585d000-7fc3a5a5d000 ---p 00bf1000 08:01 947855                     /opt/android-studio/jre/jre/lib/amd64/server/libjvm.so
7fc3a5a5d000-7fc3a5afc000 r--p 00bf1000 08:01 947855                     /opt/android-studio/jre/jre/lib/amd64/server/libjvm.so
7fc3a5afc000-7fc3a5b25000 rw-p 00c90000 08:01 947855                     /opt/android-studio/jre/jre/lib/amd64/server/libjvm.so
7fc3a5b25000-7fc3a5b69000 rw-p 00000000 00:00 0 
7fc3a5b69000-7fc3a5b81000 r-xp 00000000 08:01 918789                     /lib/x86_64-linux-gnu/libpthread-2.23.so
7fc3a5b81000-7fc3a5d80000 ---p 00018000 08:01 918789                     /lib/x86_64-linux-gnu/libpthread-2.23.so
7fc3a5d80000-7fc3a5d81000 r--p 00017000 08:01 918789                     /lib/x86_64-linux-gnu/libpthread-2.23.so
7fc3a5d81000-7fc3a5d82000 rw-p 00018000 08:01 918789                     /lib/x86_64-linux-gnu/libpthread-2.23.so
7fc3a5d82000-7fc3a5d86000 rw-p 00000000 00:00 0 
7fc3a5d86000-7fc3a5d89000 r-xp 00000000 08:01 918801                     /lib/x86_64-linux-gnu/libdl-2.23.so
7fc3a5d89000-7fc3a5f88000 ---p 00003000 08:01 918801                     /lib/x86_64-linux-gnu/libdl-2.23.so
7fc3a5f88000-7fc3a5f89000 r--p 00002000 08:01 918801                     /lib/x86_64-linux-gnu/libdl-2.23.so
7fc3a5f89000-7fc3a5f8a000 rw-p 00003000 08:01 918801                     /lib/x86_64-linux-gnu/libdl-2.23.so
7fc3a5f8a000-7fc3a614a000 r-xp 00000000 08:01 918830                     /lib/x86_64-linux-gnu/libc-2.23.so
7fc3a614a000-7fc3a634a000 ---p 001c0000 08:01 918830                     /lib/x86_64-linux-gnu/libc-2.23.so
7fc3a634a000-7fc3a634e000 r--p 001c0000 08:01 918830                     /lib/x86_64-linux-gnu/libc-2.23.so
7fc3a634e000-7fc3a6350000 rw-p 001c4000 08:01 918830                     /lib/x86_64-linux-gnu/libc-2.23.so
7fc3a6350000-7fc3a6354000 rw-p 00000000 00:00 0 
7fc3a6354000-7fc3a636a000 r-xp 00000000 08:01 947715                     /opt/android-studio/jre/lib/amd64/jli/libjli.so
7fc3a636a000-7fc3a6569000 ---p 00016000 08:01 947715                     /opt/android-studio/jre/lib/amd64/jli/libjli.so
7fc3a6569000-7fc3a656a000 r--p 00015000 08:01 947715                     /opt/android-studio/jre/lib/amd64/jli/libjli.so
7fc3a656a000-7fc3a656b000 rw-p 00016000 08:01 947715                     /opt/android-studio/jre/lib/amd64/jli/libjli.so
7fc3a656b000-7fc3a6591000 r-xp 00000000 08:01 918779                     /lib/x86_64-linux-gnu/ld-2.23.so
7fc3a6591000-7fc3a6592000 r--s 00000000 08:01 549430                     /home/bill/.gradle/wrapper/dists/gradle-3.3-all/55gk2rcmfc6p2dg9u9ohc3hw9/gradle-3.3/lib/javax.inject-1.jar
7fc3a6592000-7fc3a6593000 r--s 00000000 08:01 549429                     /home/bill/.gradle/wrapper/dists/gradle-3.3-all/55gk2rcmfc6p2dg9u9ohc3hw9/gradle-3.3/lib/jcip-annotations-1.0.jar
7fc3a6593000-7fc3a6597000 r--s 00027000 08:01 549427                     /home/bill/.gradle/wrapper/dists/gradle-3.3-all/55gk2rcmfc6p2dg9u9ohc3hw9/gradle-3.3/lib/commons-io-2.2.jar
7fc3a6597000-7fc3a659c000 r--s 00038000 08:01 548203                     /home/bill/.gradle/wrapper/dists/gradle-3.3-all/55gk2rcmfc6p2dg9u9ohc3hw9/gradle-3.3/lib/asm-all-5.1.jar
7fc3a659c000-7fc3a659d000 r--s 00001000 08:01 548073                     /home/bill/.gradle/wrapper/dists/gradle-3.3-all/55gk2rcmfc6p2dg9u9ohc3hw9/gradle-3.3/lib/gradle-process-services-3.3.jar
7fc3a659d000-7fc3a659f000 r--s 00000000 08:01 545400                     /home/bill/.gradle/wrapper/dists/gradle-3.3-all/55gk2rcmfc6p2dg9u9ohc3hw9/gradle-3.3/lib/gradle-jvm-services-3.3.jar
7fc3a659f000-7fc3a65a0000 r--s 00000000 08:01 549579                     /home/bill/.gradle/wrapper/dists/gradle-3.3-all/55gk2rcmfc6p2dg9u9ohc3hw9/gradle-3.3/lib/gradle-version-info-3.3.jar
7fc3a65a0000-7fc3a65a5000 r--s 00041000 08:01 546966                     /home/bill/.gradle/wrapper/dists/gradle-3.3-all/55gk2rcmfc6p2dg9u9ohc3hw9/gradle-3.3/lib/commons-lang-2.6.jar
7fc3a65a5000-7fc3a6667000 rw-p 00000000 00:00 0 
7fc3a6667000-7fc3a666a000 ---p 00000000 00:00 0 
7fc3a666a000-7fc3a676c000 rw-p 00000000 00:00 0 
7fc3a676c000-7fc3a676d000 r--s 00007000 08:01 546960                     /home/bill/.gradle/wrapper/dists/gradle-3.3-all/55gk2rcmfc6p2dg9u9ohc3hw9/gradle-3.3/lib/slf4j-api-1.7.10.jar
7fc3a676d000-7fc3a676e000 r--s 00004000 08:01 549443                     /home/bill/.gradle/wrapper/dists/gradle-3.3-all/55gk2rcmfc6p2dg9u9ohc3hw9/gradle-3.3/lib/ant-launcher-1.9.6.jar
7fc3a676e000-7fc3a6777000 r--s 00042000 08:01 545383                     /home/bill/.gradle/wrapper/dists/gradle-3.3-all/55gk2rcmfc6p2dg9u9ohc3hw9/gradle-3.3/lib/gradle-base-services-3.3.jar
7fc3a6777000-7fc3a6784000 r--s 0005c000 08:01 545314                     /home/bill/.gradle/wrapper/dists/gradle-3.3-all/55gk2rcmfc6p2dg9u9ohc3hw9/gradle-3.3/lib/gradle-launcher-3.3.jar
7fc3a6784000-7fc3a678c000 rw-s 00000000 08:01 847423                     /tmp/hsperfdata_bill/7821
7fc3a678c000-7fc3a678d000 rw-p 00000000 00:00 0 
7fc3a678d000-7fc3a678e000 ---p 00000000 00:00 0 
7fc3a678e000-7fc3a6790000 rw-p 00000000 00:00 0 
7fc3a6790000-7fc3a6791000 r--p 00025000 08:01 918779                     /lib/x86_64-linux-gnu/ld-2.23.so
7fc3a6791000-7fc3a6792000 rw-p 00026000 08:01 918779                     /lib/x86_64-linux-gnu/ld-2.23.so
7fc3a6792000-7fc3a6793000 rw-p 00000000 00:00 0 
7ffd3bc0e000-7ffd3bc2f000 rw-p 00000000 00:00 0                          [stack]
7ffd3bc4d000-7ffd3bc4f000 r--p 00000000 00:00 0                          [vvar]
7ffd3bc4f000-7ffd3bc51000 r-xp 00000000 00:00 0                          [vdso]
ffffffffff600000-ffffffffff601000 r-xp 00000000 00:00 0                  [vsyscall]

VM Arguments:
jvm_args: -Xmx1536m -Dfile.encoding=UTF-8 -Duser.country=US -Duser.language=en -Duser.variant 
java_command: org.gradle.launcher.daemon.bootstrap.GradleDaemon 3.3
java_class_path (initial): /home/bill/.gradle/wrapper/dists/gradle-3.3-all/55gk2rcmfc6p2dg9u9ohc3hw9/gradle-3.3/lib/gradle-launcher-3.3.jar
Launcher Type: SUN_STANDARD

Environment Variables:
PATH=/usr/local/sbin:/usr/local/bin:/usr/sbin:/usr/bin:/sbin:/bin:/usr/games:/usr/local/games
USERNAME=bill
LD_LIBRARY_PATH=/opt/android-studio/bin:
SHELL=/bin/bash
DISPLAY=:0

Signal Handlers:
SIGSEGV: [libjvm.so+0x9e5150], sa_mask[0]=11111111011111111101111111111110, sa_flags=SA_RESTART|SA_SIGINFO
SIGBUS: [libjvm.so+0x9e5150], sa_mask[0]=11111111011111111101111111111110, sa_flags=SA_RESTART|SA_SIGINFO
SIGFPE: [libjvm.so+0x848450], sa_mask[0]=11111111011111111101111111111110, sa_flags=SA_RESTART|SA_SIGINFO
SIGPIPE: [libjvm.so+0x848450], sa_mask[0]=11111111011111111101111111111110, sa_flags=SA_RESTART|SA_SIGINFO
SIGXFSZ: [libjvm.so+0x848450], sa_mask[0]=11111111011111111101111111111110, sa_flags=SA_RESTART|SA_SIGINFO
SIGILL: [libjvm.so+0x848450], sa_mask[0]=11111111011111111101111111111110, sa_flags=SA_RESTART|SA_SIGINFO
SIGUSR1: SIG_DFL, sa_mask[0]=00000000000000000000000000000000, sa_flags=none
SIGUSR2: [libjvm.so+0x848320], sa_mask[0]=00100000000000000000000000000000, sa_flags=SA_RESTART|SA_SIGINFO
SIGHUP: [libjvm.so+0x848510], sa_mask[0]=11111111011111111101111111111110, sa_flags=SA_RESTART|SA_SIGINFO
SIGINT: SIG_IGN, sa_mask[0]=00000000000000000000000000000000, sa_flags=none
SIGTERM: [libjvm.so+0x848510], sa_mask[0]=11111111011111111101111111111110, sa_flags=SA_RESTART|SA_SIGINFO
SIGQUIT: [libjvm.so+0x848510], sa_mask[0]=11111111011111111101111111111110, sa_flags=SA_RESTART|SA_SIGINFO


---------------  S Y S T E M  ---------------

OS:DISTRIB_ID=LinuxMint
DISTRIB_RELEASE=18
DISTRIB_CODENAME=sarah
DISTRIB_DESCRIPTION="Linux Mint 18 Sarah"

uname:Linux 4.4.0-21-generic #37-Ubuntu SMP Mon Apr 18 18:33:37 UTC 2016 x86_64
libc:glibc 2.23 NPTL 2.23 
rlimit: STACK 8192k, CORE 0k, NPROC 9852, NOFILE 65536, AS infinity
load average:2.57 1.68 1.40

/proc/meminfo:
MemTotal:        2564508 kB
MemFree:           18448 kB
MemAvailable:      41992 kB
Buffers:             284 kB
Cached:            45272 kB
SwapCached:        12944 kB
Active:          1762776 kB
Inactive:         618792 kB
Active(anon):    1754812 kB
Inactive(anon):   610740 kB
Active(file):       7964 kB
Inactive(file):     8052 kB
Unevictable:           0 kB
Mlocked:               0 kB
SwapTotal:       1571836 kB
SwapFree:              0 kB
Dirty:                 4 kB
Writeback:             0 kB
AnonPages:       2323808 kB
Mapped:            42372 kB
Shmem:             29288 kB
Slab:              64644 kB
SReclaimable:      31192 kB
SUnreclaim:        33452 kB
KernelStack:       10784 kB
PageTables:        32044 kB
NFS_Unstable:          0 kB
Bounce:                0 kB
WritebackTmp:          0 kB
CommitLimit:     2854088 kB
Committed_AS:    6390436 kB
VmallocTotal:   34359738367 kB
VmallocUsed:           0 kB
VmallocChunk:          0 kB
HardwareCorrupted:     0 kB
AnonHugePages:    342016 kB
CmaTotal:              0 kB
CmaFree:               0 kB
HugePages_Total:       0
HugePages_Free:        0
HugePages_Rsvd:        0
HugePages_Surp:        0
Hugepagesize:       2048 kB
DirectMap4k:      180160 kB
DirectMap2M:     2441216 kB
DirectMap1G:     1048576 kB


CPU:total 2 (1 cores per cpu, 1 threads per core) family 6 model 78 stepping 3, cmov, cx8, fxsr, mmx, sse, sse2, sse3, ssse3, sse4.1, sse4.2, popcnt, avx, avx2, aes, clmul, erms, 3dnowpref, lzcnt, tsc, tscinvbit, bmi1, bmi2, adx

/proc/cpuinfo:
processor	: 0
vendor_id	: GenuineIntel
cpu family	: 6
model		: 78
model name	: Intel(R) Core(TM) m5-6Y54 CPU @ 1.10GHz
stepping	: 3
microcode	: 0xa0
cpu MHz		: 1199.927
cache size	: 4096 KB
physical id	: 0
siblings	: 1
core id		: 0
cpu cores	: 1
apicid		: 0
initial apicid	: 0
fpu		: yes
fpu_exception	: yes
cpuid level	: 22
wp		: yes
flags		: fpu vme de pse tsc msr pae mce cx8 apic sep mtrr pge mca cmov pat pse36 clflush dts mmx fxsr sse sse2 ss syscall nx pdpe1gb rdtscp lm constant_tsc arch_perfmon pebs bts nopl xtopology tsc_reliable nonstop_tsc aperfmperf eagerfpu pni pclmulqdq vmx ssse3 fma cx16 pcid sse4_1 sse4_2 x2apic movbe popcnt tsc_deadline_timer aes xsave avx f16c rdrand hypervisor lahf_lm abm 3dnowprefetch epb tpr_shadow vnmi ept vpid fsgsbase tsc_adjust bmi1 avx2 smep bmi2 invpcid rdseed adx smap xsaveopt dtherm ida arat pln pts hwp hwp_notify hwp_act_window hwp_epp
bugs		:
bogomips	: 2399.85
clflush size	: 64
cache_alignment	: 64
address sizes	: 42 bits physical, 48 bits virtual
power management:

processor	: 1
vendor_id	: GenuineIntel
cpu family	: 6
model		: 78
model name	: Intel(R) Core(TM) m5-6Y54 CPU @ 1.10GHz
stepping	: 3
microcode	: 0xa0
cpu MHz		: 1199.927
cache size	: 4096 KB
physical id	: 2
siblings	: 1
core id		: 0
cpu cores	: 1
apicid		: 2
initial apicid	: 2
fpu		: yes
fpu_exception	: yes
cpuid level	: 22
wp		: yes
flags		: fpu vme de pse tsc msr pae mce cx8 apic sep mtrr pge mca cmov pat pse36 clflush dts mmx fxsr sse sse2 ss syscall nx pdpe1gb rdtscp lm constant_tsc arch_perfmon pebs bts nopl xtopology tsc_reliable nonstop_tsc aperfmperf eagerfpu pni pclmulqdq vmx ssse3 fma cx16 pcid sse4_1 sse4_2 x2apic movbe popcnt tsc_deadline_timer aes xsave avx f16c rdrand hypervisor lahf_lm abm 3dnowprefetch epb tpr_shadow vnmi ept vpid fsgsbase tsc_adjust bmi1 avx2 smep bmi2 invpcid rdseed adx smap xsaveopt dtherm ida arat pln pts hwp hwp_notify hwp_act_window hwp_epp
bugs		:
bogomips	: 2399.85
clflush size	: 64
cache_alignment	: 64
address sizes	: 42 bits physical, 48 bits virtual
power management:



Memory: 4k page, physical 2564508k(17604k free), swap 1571836k(0k free)

vm_info: OpenJDK 64-Bit Server VM (25.112-b06) for linux-amd64 JRE (1.8.0_112-release-b06), built on Dec  6 2016 12:11:18 by "builder" with gcc 4.8.4

time: Tue Aug  8 12:21:43 2017
elapsed time: 263 seconds (0d 0h 4m 23s)

